#
# There is insufficient memory for the Java Runtime Environment to continue.
# Native memory allocation (malloc) failed to allocate 32744 bytes for ChunkPool::allocate
# Possible reasons:
#   The system is out of physical RAM or swap space
#   In 32 bit mode, the process size limit was hit
# Possible solutions:
#   Reduce memory load on the system
#   Increase physical memory or swap space
#   Check if swap backing store is full
#   Use 64 bit Java on a 64 bit OS
#   Decrease Java heap size (-Xmx/-Xms)
#   Decrease number of Java threads
#   Decrease Java thread stack sizes (-Xss)
#   Set larger code cache with -XX:ReservedCodeCacheSize=
# This output file may be truncated or incomplete.
#
#  Out of Memory Error (allocation.cpp:273), pid=2348, tid=0x0000000000001778
#
# JRE version: Java(TM) SE Runtime Environment (8.0_151-b12) (build 1.8.0_151-b12)
# Java VM: Java HotSpot(TM) 64-Bit Server VM (25.151-b12 mixed mode windows-amd64 compressed oops)
# Failed to write core dump. Minidumps are not enabled by default on client versions of Windows
#

---------------  T H R E A D  ---------------

Current thread (0x0000000019f2e000):  JavaThread "C2 CompilerThread0" daemon [_thread_in_native, id=6008, stack(0x000000001a490000,0x000000001a590000)]

Stack: [0x000000001a490000,0x000000001a590000]
[error occurred during error reporting (printing stack bounds), id 0xc0000005]

Native frames: (J=compiled Java code, j=interpreted, Vv=VM code, C=native code)


Current CompileTask:
C2:   4930 2658       4       sun.reflect.annotation.AnnotationParser::parseMemberValue (162 bytes)


---------------  P R O C E S S  ---------------

Java Threads: ( => current thread )
  0x000000001f82c800 JavaThread "logback-2" daemon [_thread_blocked, id=12992, stack(0x00000000233d0000,0x00000000234d0000)]
  0x000000001a1b7000 JavaThread "ReaderThread" [_thread_in_native, id=1080, stack(0x000000001b9f0000,0x000000001baf0000)]
  0x0000000019f43800 JavaThread "Service Thread" daemon [_thread_blocked, id=15216, stack(0x000000001a350000,0x000000001a450000)]
  0x0000000019f2f800 JavaThread "C1 CompilerThread2" daemon [_thread_blocked, id=17616, stack(0x000000001a7f0000,0x000000001a8f0000)]
  0x0000000019f2e800 JavaThread "C2 CompilerThread1" daemon [_thread_in_native, id=18140, stack(0x000000001a600000,0x000000001a700000)]
=>0x0000000019f2e000 JavaThread "C2 CompilerThread0" daemon [_thread_in_native, id=6008, stack(0x000000001a490000,0x000000001a590000)]
  0x0000000018d86000 JavaThread "JDWP Command Reader" daemon [_thread_in_native, id=2736, stack(0x00000000198b0000,0x00000000199b0000)]
  0x0000000018d82800 JavaThread "JDWP Event Helper Thread" daemon [_thread_blocked, id=17332, stack(0x00000000199e0000,0x0000000019ae0000)]
  0x0000000018d78000 JavaThread "JDWP Transport Listener: dt_socket" daemon [_thread_blocked, id=9624, stack(0x0000000019790000,0x0000000019890000)]
  0x00000000177de800 JavaThread "Attach Listener" daemon [_thread_blocked, id=14848, stack(0x00000000188a0000,0x00000000189a0000)]
  0x0000000018d6b000 JavaThread "Signal Dispatcher" daemon [_thread_blocked, id=14548, stack(0x0000000019150000,0x0000000019250000)]
  0x00000000177c3000 JavaThread "Finalizer" daemon [_thread_blocked, id=14208, stack(0x0000000018c50000,0x0000000018d50000)]
  0x000000001777b800 JavaThread "Reference Handler" daemon [_thread_blocked, id=4528, stack(0x0000000018a30000,0x0000000018b30000)]
  0x00000000024bb800 JavaThread "main" [_thread_blocked, id=17508, stack(0x00000000027a0000,0x00000000028a0000)]

Other Threads:
  0x0000000017774000 VMThread [stack: 0x0000000018780000,0x0000000018880000] [id=18960]
  0x0000000019fb5000 WatcherThread [stack: 0x000000001a910000,0x000000001aa10000] [id=4960]

VM state:at safepoint (normal execution)

VM Mutex/Monitor currently owned by a thread:  ([mutex/lock_event])
[0x00000000024b8a00] Threads_lock - owner thread: 0x0000000017774000
[0x00000000024b8f00] Heap_lock - owner thread: 0x00000000024bb800

Heap:
 PSYoungGen      total 68096K, used 67824K [0x00000000d5980000, 0x00000000de380000, 0x0000000100000000)
  eden space 62976K, 100% used [0x00000000d5980000,0x00000000d9700000,0x00000000d9700000)
  from space 5120K, 94% used [0x00000000d9f80000,0x00000000da43c250,0x00000000da480000)
  to   space 8704K, 99% used [0x00000000d9700000,0x00000000d9f7af18,0x00000000d9f80000)
 ParOldGen       total 48640K, used 7101K [0x0000000080c00000, 0x0000000083b80000, 0x00000000d5980000)
  object space 48640K, 14% used [0x0000000080c00000,0x00000000812f3ef0,0x0000000083b80000)
 Metaspace       used 27982K, capacity 28808K, committed 28928K, reserved 1075200K
  class space    used 3598K, capacity 3784K, committed 3840K, reserved 1048576K

Card table byte_map: [0x0000000011e50000,0x0000000012250000] byte_map_base: 0x0000000011a4a000

Marking Bits: (ParMarkBitMap*) 0x0000000056b4d850
 Begin Bits: [0x0000000012a40000, 0x0000000014a10000)
 End Bits:   [0x0000000014a10000, 0x00000000169e0000)

Polling page: 0x0000000000120000

CodeCache: size=245760Kb used=10752Kb max_used=10752Kb free=235007Kb
 bounds [0x0000000002a90000, 0x0000000003520000, 0x0000000011a90000]
 total_blobs=3155 nmethods=2745 adapters=330
 compilation: enabled

Compilation events (10 events):
Event: 4.825 Thread 0x0000000019f2f800 2776       2       org.springframework.beans.factory.support.AbstractAutowireCapableBeanFactory::getObjectForBeanInstance (34 bytes)
Event: 4.825 Thread 0x0000000019f2f800 nmethod 2776 0x00000000035120d0 code [0x0000000003512240, 0x0000000003512488]
Event: 4.828 Thread 0x0000000019f2f800 2777       2       org.springframework.core.ResolvableType::forRawClass (10 bytes)
Event: 4.828 Thread 0x0000000019f2f800 nmethod 2777 0x0000000003512610 code [0x0000000003512780, 0x0000000003512968]
Event: 4.829 Thread 0x0000000019f2f800 2778       2       sun.nio.fs.WindowsPathParser::parse (6 bytes)
Event: 4.829 Thread 0x0000000019f2f800 nmethod 2778 0x0000000003512a50 code [0x0000000003512ba0, 0x0000000003512d08]
Event: 4.829 Thread 0x0000000019f2f800 2779       2       sun.nio.fs.WindowsPathParser::isLetter (30 bytes)
Event: 4.829 Thread 0x0000000019f2f800 nmethod 2779 0x0000000003512d90 code [0x0000000003512ee0, 0x0000000003513050]
Event: 4.829 Thread 0x0000000019f2f800 2780       2       sun.nio.fs.WindowsPathParser$Result::<init> (20 bytes)
Event: 4.829 Thread 0x0000000019f2f800 nmethod 2780 0x00000000035130d0 code [0x0000000003513220, 0x00000000035133b0]

GC Heap History (10 events):
Event: 2.465 GC heap after
Heap after GC invocations=3 (full 0):
 PSYoungGen      total 71680K, used 5098K [0x00000000d5980000, 0x00000000da480000, 0x0000000100000000)
  eden space 66560K, 0% used [0x00000000d5980000,0x00000000d5980000,0x00000000d9a80000)
  from space 5120K, 99% used [0x00000000d9a80000,0x00000000d9f7a810,0x00000000d9f80000)
  to   space 5120K, 0% used [0x00000000d9f80000,0x00000000d9f80000,0x00000000da480000)
 ParOldGen       total 87552K, used 2027K [0x0000000080c00000, 0x0000000086180000, 0x00000000d5980000)
  object space 87552K, 2% used [0x0000000080c00000,0x0000000080dfad30,0x0000000086180000)
 Metaspace       used 16027K, capacity 16444K, committed 16768K, reserved 1064960K
  class space    used 1975K, capacity 2074K, committed 2176K, reserved 1048576K
}
Event: 2.911 GC heap before
{Heap before GC invocations=4 (full 0):
 PSYoungGen      total 71680K, used 71658K [0x00000000d5980000, 0x00000000da480000, 0x0000000100000000)
  eden space 66560K, 100% used [0x00000000d5980000,0x00000000d9a80000,0x00000000d9a80000)
  from space 5120K, 99% used [0x00000000d9a80000,0x00000000d9f7a810,0x00000000d9f80000)
  to   space 5120K, 0% used [0x00000000d9f80000,0x00000000d9f80000,0x00000000da480000)
 ParOldGen       total 87552K, used 2027K [0x0000000080c00000, 0x0000000086180000, 0x00000000d5980000)
  object space 87552K, 2% used [0x0000000080c00000,0x0000000080dfad30,0x0000000086180000)
 Metaspace       used 19324K, capacity 19900K, committed 20096K, reserved 1067008K
  class space    used 2486K, capacity 2622K, committed 2688K, reserved 1048576K
Event: 2.970 GC heap after
Heap after GC invocations=4 (full 0):
 PSYoungGen      total 71680K, used 5115K [0x00000000d5980000, 0x00000000da480000, 0x0000000100000000)
  eden space 66560K, 0% used [0x00000000d5980000,0x00000000d5980000,0x00000000d9a80000)
  from space 5120K, 99% used [0x00000000d9f80000,0x00000000da47ecb0,0x00000000da480000)
  to   space 5120K, 0% used [0x00000000d9a80000,0x00000000d9a80000,0x00000000d9f80000)
 ParOldGen       total 87552K, used 4327K [0x0000000080c00000, 0x0000000086180000, 0x00000000d5980000)
  object space 87552K, 4% used [0x0000000080c00000,0x0000000081039c38,0x0000000086180000)
 Metaspace       used 19324K, capacity 19900K, committed 20096K, reserved 1067008K
  class space    used 2486K, capacity 2622K, committed 2688K, reserved 1048576K
}
Event: 3.056 GC heap before
{Heap before GC invocations=5 (full 0):
 PSYoungGen      total 71680K, used 27663K [0x00000000d5980000, 0x00000000da480000, 0x0000000100000000)
  eden space 66560K, 33% used [0x00000000d5980000,0x00000000d6f851f8,0x00000000d9a80000)
  from space 5120K, 99% used [0x00000000d9f80000,0x00000000da47ecb0,0x00000000da480000)
  to   space 5120K, 0% used [0x00000000d9a80000,0x00000000d9a80000,0x00000000d9f80000)
 ParOldGen       total 87552K, used 4327K [0x0000000080c00000, 0x0000000086180000, 0x00000000d5980000)
  object space 87552K, 4% used [0x0000000080c00000,0x0000000081039c38,0x0000000086180000)
 Metaspace       used 20640K, capacity 21194K, committed 21248K, reserved 1067008K
  class space    used 2631K, capacity 2793K, committed 2816K, reserved 1048576K
Event: 3.074 GC heap after
Heap after GC invocations=5 (full 0):
 PSYoungGen      total 71680K, used 5104K [0x00000000d5980000, 0x00000000da480000, 0x0000000100000000)
  eden space 66560K, 0% used [0x00000000d5980000,0x00000000d5980000,0x00000000d9a80000)
  from space 5120K, 99% used [0x00000000d9a80000,0x00000000d9f7c210,0x00000000d9f80000)
  to   space 5120K, 0% used [0x00000000d9f80000,0x00000000d9f80000,0x00000000da480000)
 ParOldGen       total 87552K, used 5892K [0x0000000080c00000, 0x0000000086180000, 0x00000000d5980000)
  object space 87552K, 6% used [0x0000000080c00000,0x00000000811c1270,0x0000000086180000)
 Metaspace       used 20640K, capacity 21194K, committed 21248K, reserved 1067008K
  class space    used 2631K, capacity 2793K, committed 2816K, reserved 1048576K
}
Event: 3.074 GC heap before
{Heap before GC invocations=6 (full 1):
 PSYoungGen      total 71680K, used 5104K [0x00000000d5980000, 0x00000000da480000, 0x0000000100000000)
  eden space 66560K, 0% used [0x00000000d5980000,0x00000000d5980000,0x00000000d9a80000)
  from space 5120K, 99% used [0x00000000d9a80000,0x00000000d9f7c210,0x00000000d9f80000)
  to   space 5120K, 0% used [0x00000000d9f80000,0x00000000d9f80000,0x00000000da480000)
 ParOldGen       total 87552K, used 5892K [0x0000000080c00000, 0x0000000086180000, 0x00000000d5980000)
  object space 87552K, 6% used [0x0000000080c00000,0x00000000811c1270,0x0000000086180000)
 Metaspace       used 20640K, capacity 21194K, committed 21248K, reserved 1067008K
  class space    used 2631K, capacity 2793K, committed 2816K, reserved 1048576K
Event: 3.117 GC heap after
Heap after GC invocations=6 (full 1):
 PSYoungGen      total 71680K, used 0K [0x00000000d5980000, 0x00000000da480000, 0x0000000100000000)
  eden space 66560K, 0% used [0x00000000d5980000,0x00000000d5980000,0x00000000d9a80000)
  from space 5120K, 0% used [0x00000000d9a80000,0x00000000d9a80000,0x00000000d9f80000)
  to   space 5120K, 0% used [0x00000000d9f80000,0x00000000d9f80000,0x00000000da480000)
 ParOldGen       total 48640K, used 6766K [0x0000000080c00000, 0x0000000083b80000, 0x00000000d5980000)
  object space 48640K, 13% used [0x0000000080c00000,0x000000008129b9f8,0x0000000083b80000)
 Metaspace       used 20640K, capacity 21194K, committed 21248K, reserved 1067008K
  class space    used 2631K, capacity 2793K, committed 2816K, reserved 1048576K
}
Event: 3.512 GC heap before
{Heap before GC invocations=7 (full 1):
 PSYoungGen      total 71680K, used 66560K [0x00000000d5980000, 0x00000000da480000, 0x0000000100000000)
  eden space 66560K, 100% used [0x00000000d5980000,0x00000000d9a80000,0x00000000d9a80000)
  from space 5120K, 0% used [0x00000000d9a80000,0x00000000d9a80000,0x00000000d9f80000)
  to   space 5120K, 0% used [0x00000000d9f80000,0x00000000d9f80000,0x00000000da480000)
 ParOldGen       total 48640K, used 6766K [0x0000000080c00000, 0x0000000083b80000, 0x00000000d5980000)
  object space 48640K, 13% used [0x0000000080c00000,0x000000008129b9f8,0x0000000083b80000)
 Metaspace       used 24328K, capacity 24974K, committed 25088K, reserved 1071104K
  class space    used 3112K, capacity 3293K, committed 3328K, reserved 1048576K
Event: 3.584 GC heap after
Heap after GC invocations=7 (full 1):
 PSYoungGen      total 68096K, used 4848K [0x00000000d5980000, 0x00000000de380000, 0x0000000100000000)
  eden space 62976K, 0% used [0x00000000d5980000,0x00000000d5980000,0x00000000d9700000)
  from space 5120K, 94% used [0x00000000d9f80000,0x00000000da43c250,0x00000000da480000)
  to   space 8704K, 0% used [0x00000000d9700000,0x00000000d9700000,0x00000000d9f80000)
 ParOldGen       total 48640K, used 6766K [0x0000000080c00000, 0x0000000083b80000, 0x00000000d5980000)
  object space 48640K, 13% used [0x0000000080c00000,0x000000008129b9f8,0x0000000083b80000)
 Metaspace       used 24328K, capacity 24974K, committed 25088K, reserved 1071104K
  class space    used 3112K, capacity 3293K, committed 3328K, reserved 1048576K
}
Event: 4.830 GC heap before
{Heap before GC invocations=8 (full 1):
 PSYoungGen      total 68096K, used 67824K [0x00000000d5980000, 0x00000000de380000, 0x0000000100000000)
  eden space 62976K, 100% used [0x00000000d5980000,0x00000000d9700000,0x00000000d9700000)
  from space 5120K, 94% used [0x00000000d9f80000,0x00000000da43c250,0x00000000da480000)
  to   space 8704K, 0% used [0x00000000d9700000,0x00000000d9700000,0x00000000d9f80000)
 ParOldGen       total 48640K, used 6766K [0x0000000080c00000, 0x0000000083b80000, 0x00000000d5980000)
  object space 48640K, 13% used [0x0000000080c00000,0x000000008129b9f8,0x0000000083b80000)
 Metaspace       used 27982K, capacity 28808K, committed 28928K, reserved 1075200K
  class space    used 3598K, capacity 3784K, committed 3840K, reserved 1048576K

Deoptimization events (10 events):
Event: 3.666 Thread 0x000000001ee4c800 Uncommon trap: reason=range_check action=none pc=0x0000000002faf55c method=sun.reflect.generics.parser.SignatureParser.current()C @ 34
Event: 3.730 Thread 0x00000000024bb800 Uncommon trap: reason=range_check action=none pc=0x0000000002faf55c method=sun.reflect.generics.parser.SignatureParser.current()C @ 34
Event: 3.781 Thread 0x00000000024bb800 Uncommon trap: reason=unstable_if action=reinterpret pc=0x00000000031770dc method=java.io.WinNTFileSystem.normalize(Ljava/lang/String;)Ljava/lang/String; @ 128
Event: 4.005 Thread 0x000000001ee4c800 Uncommon trap: reason=range_check action=none pc=0x0000000002faf55c method=sun.reflect.generics.parser.SignatureParser.current()C @ 34
Event: 4.015 Thread 0x000000001ee4c800 Uncommon trap: reason=predicate action=maybe_recompile pc=0x0000000003032ccc method=java.lang.String.regionMatches(ZILjava/lang/String;II)Z @ 63
Event: 4.042 Thread 0x00000000024bb800 Uncommon trap: reason=bimorphic action=maybe_recompile pc=0x0000000002f074b8 method=java.util.HashMap.putVal(ILjava/lang/Object;Ljava/lang/Object;ZZ)Ljava/lang/Object; @ 203
Event: 4.386 Thread 0x00000000024bb800 Uncommon trap: reason=array_check action=maybe_recompile pc=0x00000000034b2494 method=sun.reflect.annotation.AnnotationParser.parseAnnotationArray(ILjava/lang/Class;Ljava/nio/ByteBuffer;Lsun/reflect/ConstantPool;Ljava/lang/Class;)Ljava/lang/Object; @ 53
Event: 4.387 Thread 0x00000000024bb800 Uncommon trap: reason=array_check action=maybe_recompile pc=0x00000000034b2494 method=sun.reflect.annotation.AnnotationParser.parseAnnotationArray(ILjava/lang/Class;Ljava/nio/ByteBuffer;Lsun/reflect/ConstantPool;Ljava/lang/Class;)Ljava/lang/Object; @ 53
Event: 4.387 Thread 0x00000000024bb800 Uncommon trap: reason=array_check action=maybe_recompile pc=0x00000000034b2494 method=sun.reflect.annotation.AnnotationParser.parseAnnotationArray(ILjava/lang/Class;Ljava/nio/ByteBuffer;Lsun/reflect/ConstantPool;Ljava/lang/Class;)Ljava/lang/Object; @ 53
Event: 4.387 Thread 0x00000000024bb800 Uncommon trap: reason=array_check action=maybe_recompile pc=0x00000000034b2494 method=sun.reflect.annotation.AnnotationParser.parseAnnotationArray(ILjava/lang/Class;Ljava/nio/ByteBuffer;Lsun/reflect/ConstantPool;Ljava/lang/Class;)Ljava/lang/Object; @ 53

Internal exceptions (10 events):
Event: 3.666 Thread 0x000000001ee4c800 Exception <a 'java/lang/ArrayIndexOutOfBoundsException': 38> (0x00000000d6039278) thrown at [C:\re\workspace\8-2-build-windows-amd64-cygwin\jdk8u151\9699\hotspot\src\share\vm\interpreter\interpreterRuntime.cpp, line 366]
Event: 3.724 Thread 0x00000000024bb800 Exception <a 'java/lang/ClassNotFoundException': java/lang/ObjectCustomizer> (0x00000000d663c158) thrown at [C:\re\workspace\8-2-build-windows-amd64-cygwin\jdk8u151\9699\hotspot\src\share\vm\classfile\systemDictionary.cpp, line 210]
Event: 3.730 Thread 0x00000000024bb800 Exception <a 'java/lang/ArrayIndexOutOfBoundsException': 22> (0x00000000d6647d98) thrown at [C:\re\workspace\8-2-build-windows-amd64-cygwin\jdk8u151\9699\hotspot\src\share\vm\interpreter\interpreterRuntime.cpp, line 366]
Event: 3.731 Thread 0x00000000024bb800 Exception <a 'java/lang/ClassNotFoundException': org/springframework/context/annotation/ConfigurationClassPostProcessorCustomizer> (0x00000000d66832d0) thrown at [C:\re\workspace\8-2-build-windows-amd64-cygwin\jdk8u151\9699\hotspot\src\share\vm\classfile\
Event: 3.738 Thread 0x00000000024bb800 Exception <a 'java/lang/ClassNotFoundException': org/springframework/beans/factory/support/BeanDefinitionRegistryPostProcessorCustomizer> (0x00000000d6732638) thrown at [C:\re\workspace\8-2-build-windows-amd64-cygwin\jdk8u151\9699\hotspot\src\share\vm\cla
Event: 3.739 Thread 0x00000000024bb800 Exception <a 'java/lang/ClassNotFoundException': org/springframework/core/PriorityOrderedCustomizer> (0x00000000d675ae40) thrown at [C:\re\workspace\8-2-build-windows-amd64-cygwin\jdk8u151\9699\hotspot\src\share\vm\classfile\systemDictionary.cpp, line 210
Event: 3.740 Thread 0x00000000024bb800 Exception <a 'java/lang/ClassNotFoundException': org/springframework/context/ResourceLoaderAwareCustomizer> (0x00000000d67867c8) thrown at [C:\re\workspace\8-2-build-windows-amd64-cygwin\jdk8u151\9699\hotspot\src\share\vm\classfile\systemDictionary.cpp, l
Event: 3.740 Thread 0x00000000024bb800 Exception <a 'java/lang/ClassNotFoundException': org/springframework/beans/factory/BeanClassLoaderAwareCustomizer> (0x00000000d67b7530) thrown at [C:\re\workspace\8-2-build-windows-amd64-cygwin\jdk8u151\9699\hotspot\src\share\vm\classfile\systemDictionary
Event: 3.741 Thread 0x00000000024bb800 Exception <a 'java/lang/ClassNotFoundException': org/springframework/context/EnvironmentAwareCustomizer> (0x00000000d67e2ac0) thrown at [C:\re\workspace\8-2-build-windows-amd64-cygwin\jdk8u151\9699\hotspot\src\share\vm\classfile\systemDictionary.cpp, line
Event: 4.005 Thread 0x000000001ee4c800 Exception <a 'java/lang/ArrayIndexOutOfBoundsException': 49> (0x00000000d6056b00) thrown at [C:\re\workspace\8-2-build-windows-amd64-cygwin\jdk8u151\9699\hotspot\src\share\vm\interpreter\interpreterRuntime.cpp, line 366]

Events (10 events):
Event: 4.526 loading class io/swagger/annotations/ApiModel done
Event: 4.526 Thread 0x00000000024bb800 DEOPT PACKING pc=0x0000000002d4bfc1 sp=0x000000000289d3c0
Event: 4.526 Thread 0x00000000024bb800 DEOPT UNPACKING pc=0x0000000002ad787f sp=0x000000000289d110 mode 1
Event: 4.526 Thread 0x00000000024bb800 DEOPT PACKING pc=0x0000000002ce7dfc sp=0x000000000289d440
Event: 4.526 Thread 0x00000000024bb800 DEOPT UNPACKING pc=0x0000000002ad787f sp=0x000000000289d260 mode 1
Event: 4.526 Thread 0x00000000024bb800 DEOPT PACKING pc=0x0000000002ce7b94 sp=0x000000000289d5d0
Event: 4.526 Thread 0x00000000024bb800 DEOPT UNPACKING pc=0x0000000002ad787f sp=0x000000000289d3f0 mode 1
Event: 4.554 Thread 0x00000000024bb800 DEOPT PACKING pc=0x0000000003359f38 sp=0x000000000289d630
Event: 4.554 Thread 0x00000000024bb800 DEOPT UNPACKING pc=0x0000000002ad787f sp=0x000000000289d380 mode 0
Event: 4.829 Executing VM operation: ParallelGCFailedAllocation


Dynamic libraries:
0x000000013fa00000 - 0x000000013fa37000 	C:\Program Files\Java\jre1.8.0_151\bin\javaw.exe
0x0000000076f10000 - 0x00000000770b9000 	C:\Windows\SYSTEM32\ntdll.dll
0x0000000076cf0000 - 0x0000000076e10000 	C:\Windows\system32\kernel32.dll
0x000007fefcfe0000 - 0x000007fefd04c000 	C:\Windows\system32\KERNELBASE.dll
0x000007fefd620000 - 0x000007fefd6fb000 	C:\Windows\system32\ADVAPI32.dll
0x000007fefdec0000 - 0x000007fefdf5f000 	C:\Windows\system32\msvcrt.dll
0x000007feff0b0000 - 0x000007feff0cf000 	C:\Windows\SYSTEM32\sechost.dll
0x000007fefd450000 - 0x000007fefd57d000 	C:\Windows\system32\RPCRT4.dll
0x0000000076e10000 - 0x0000000076f0a000 	C:\Windows\system32\USER32.dll
0x000007fefdf60000 - 0x000007fefdfc7000 	C:\Windows\system32\GDI32.dll
0x000007feff210000 - 0x000007feff21e000 	C:\Windows\system32\LPK.dll
0x000007fefe020000 - 0x000007fefe0e9000 	C:\Windows\system32\USP10.dll
0x000007fefac80000 - 0x000007fefae74000 	C:\Windows\WinSxS\amd64_microsoft.windows.common-controls_6595b64144ccf1df_6.0.7601.18837_none_fa3b1e3d17594757\COMCTL32.dll
0x000007fefdd60000 - 0x000007fefddd1000 	C:\Windows\system32\SHLWAPI.dll
0x000007fefd810000 - 0x000007fefd83e000 	C:\Windows\system32\IMM32.DLL
0x000007fefd700000 - 0x000007fefd809000 	C:\Windows\system32\MSCTF.dll
0x0000000057f20000 - 0x0000000057ff2000 	C:\Program Files\Java\jre1.8.0_151\bin\msvcr100.dll
0x0000000056330000 - 0x0000000056bcd000 	C:\Program Files\Java\jre1.8.0_151\bin\server\jvm.dll
0x000007fef5040000 - 0x000007fef5049000 	C:\Windows\system32\WSOCK32.dll
0x000007fefdfd0000 - 0x000007fefe01d000 	C:\Windows\system32\WS2_32.dll
0x000007feff200000 - 0x000007feff208000 	C:\Windows\system32\NSI.dll
0x000007fef8e90000 - 0x000007fef8ecb000 	C:\Windows\system32\WINMM.dll
0x000007fefc0c0000 - 0x000007fefc0cc000 	C:\Windows\system32\VERSION.dll
0x00000000770e0000 - 0x00000000770e7000 	C:\Windows\system32\PSAPI.DLL
0x000000006b8c0000 - 0x000000006b8cf000 	C:\Program Files\Java\jre1.8.0_151\bin\verify.dll
0x00000000616f0000 - 0x0000000061719000 	C:\Program Files\Java\jre1.8.0_151\bin\java.dll
0x0000000060030000 - 0x0000000060065000 	C:\Program Files\Java\jre1.8.0_151\bin\jdwp.dll
0x000000006b6e0000 - 0x000000006b6e8000 	C:\Program Files\Java\jre1.8.0_151\bin\npt.dll
0x000000005fcf0000 - 0x000000005fd13000 	C:\Program Files\Java\jre1.8.0_151\bin\instrument.dll
0x0000000061770000 - 0x0000000061786000 	C:\Program Files\Java\jre1.8.0_151\bin\zip.dll
0x000007fefe320000 - 0x000007feff0a9000 	C:\Windows\system32\SHELL32.dll
0x000007fefe110000 - 0x000007fefe313000 	C:\Windows\system32\ole32.dll
0x000007fefce10000 - 0x000007fefce1f000 	C:\Windows\system32\profapi.dll
0x00000000673a0000 - 0x00000000673a9000 	C:\Program Files\Java\jre1.8.0_151\bin\dt_socket.dll
0x000007fefb4f0000 - 0x000007fefb505000 	C:\Windows\system32\NLAapi.dll
0x000007fef7150000 - 0x000007fef7165000 	C:\Windows\system32\napinsp.dll
0x000007fef7130000 - 0x000007fef7149000 	C:\Windows\system32\pnrpnsp.dll
0x000007fefc660000 - 0x000007fefc6b5000 	C:\Windows\System32\mswsock.dll
0x000007fefc4e0000 - 0x000007fefc53b000 	C:\Windows\system32\DNSAPI.dll
0x000007fef7120000 - 0x000007fef712b000 	C:\Windows\System32\winrnr.dll
0x000007fefa4a0000 - 0x000007fefa4c7000 	C:\Windows\system32\IPHLPAPI.DLL
0x000007fefa490000 - 0x000007fefa49b000 	C:\Windows\system32\WINNSI.DLL
0x000007fef9920000 - 0x000007fef9973000 	C:\Windows\System32\fwpuclnt.dll
0x000007fef4fd0000 - 0x000007fef4fd8000 	C:\Windows\system32\rasadhlp.dll
0x000007fefbb10000 - 0x000007fefbb17000 	C:\Windows\System32\wshtcpip.dll
0x0000000061150000 - 0x000000006116a000 	C:\Program Files\Java\jre1.8.0_151\bin\net.dll
0x000007fefc650000 - 0x000007fefc657000 	C:\Windows\System32\wship6.dll
0x0000000064f10000 - 0x0000000064f1d000 	C:\Program Files\Java\jre1.8.0_151\bin\management.dll
0x000000005d510000 - 0x000000005d521000 	C:\Program Files\Java\jre1.8.0_151\bin\nio.dll

VM Arguments:
jvm_args: -agentlib:jdwp=transport=dt_socket,suspend=y,address=localhost:56768 -ea -javaagent:D:\2020elipse\eclipse\configuration\org.eclipse.osgi\411\0\.cp\lib\javaagent-shaded.jar -Dfile.encoding=UTF-8 
java_command: org.eclipse.jdt.internal.junit.runner.RemoteTestRunner -version 3 -port 56766 -testLoaderClass org.eclipse.jdt.internal.junit4.runner.JUnit4TestLoader -loaderpluginname org.eclipse.jdt.junit4.runtime -classNames test.SpringbootTest
java_class_path (initial): C:\Users\Administrator\git\Springboot_v2\target\test-classes;C:\Users\Administrator\git\Springboot_v2\target\classes;C:\Users\Administrator\.m2\repository\org\apache\poi\poi\3.10-FINAL\poi-3.10-FINAL.jar;C:\Users\Administrator\.m2\repository\org\apache\poi\poi-ooxml\3.10-FINAL\poi-ooxml-3.10-FINAL.jar;C:\Users\Administrator\.m2\repository\dom4j\dom4j\1.6.1\dom4j-1.6.1.jar;C:\Users\Administrator\.m2\repository\xml-apis\xml-apis\1.4.01\xml-apis-1.4.01.jar;C:\Users\Administrator\.m2\repository\org\apache\poi\poi-ooxml-schemas\3.10-FINAL\poi-ooxml-schemas-3.10-FINAL.jar;C:\Users\Administrator\.m2\repository\org\apache\xmlbeans\xmlbeans\2.3.0\xmlbeans-2.3.0.jar;C:\Users\Administrator\.m2\repository\stax\stax-api\1.0.1\stax-api-1.0.1.jar;C:\Users\Administrator\.m2\repository\org\apache\commons\commons-collections4\4.1\commons-collections4-4.1.jar;C:\Users\Administrator\.m2\repository\org\springframework\boot\spring-boot-starter-freemarker\2.0.0.RELEASE\spring-boot-starter-freemarker-2.0.0.RELEASE.jar;C:\Users\Administrator\.m2\repository\org\springframework\boot\spring-boot-starter\2.0.0.RELEASE\spring-boot-starter-2.0.0.RELEASE.jar;C:\Users\Administrator\.m2\repository\org\springframework\boot\spring-boot-starter-logging\2.0.0.RELEASE\spring-boot-starter-logging-2.0.0.RELEASE.jar;C:\Users\Administrator\.m2\repository\ch\qos\logback\logback-classic\1.2.3\logback-classic-1.2.3.jar;C:\Users\Administrator\.m2\repository\ch\qos\logback\logback-core\1.2.3\logback-core-1.2.3.jar;C:\Users\Administrator\.m2\repository\org\apache\logging\log4j\log4j-to-slf4j\2.10.0\log4j-to-slf4j-2.10.0.jar;C:\Users\Administrator\.m2\repository\org\apache\logging\log4j\log4j-api\2.10.0\log4j-api-2.10.0.jar;C:\Users\Administrator\.m2\repository\org\slf4j\jul-to-slf4j\1.7.25\jul-to-slf4j-1.7.25.jar;C:\Users\Administrator\.m2\repository\javax\annotation\javax.annotation-api\1.3.2\javax.annotation-api-1.3.2.jar;C:\Users\Administrator\.m2\repository\org\yaml\snakeyaml\1.19\
Launcher Type: SUN_STANDARD

Environment Variables:
JAVA_HOME=C:\Program Files\Java\jdk1.8.0_151
CLASSPATH=.;C:\Program Files\Java\jdk1.8.0_151\lib;C:\Program Files\Java\jdk1.8.0_151\lib\tools.jar
PATH=C:/Program Files/Java/java8/bin/server;C:/Program Files/Java/java8/bin;C:/Program Files/Java/java8/lib/amd64;C:\Program Files (x86)\Common Files\Oracle\Java\javapath;C:\ProgramData\Oracle\Java\javapath;D:\oracle\dbhomeXE\bin;C:\Windows\system32;C:\Windows;C:\Windows\System32\Wbem;C:\Windows\System32\WindowsPowerShell\v1.0\;D:\Mysql\mysql-5.7.25-winx64\bin;C:\Program Files\Java\jdk1.8.0_151\bin;C:\Program Files\Java\jdk1.8.0_151\jre\bin;D:\git\Git\cmd;C:\Program Files\TortoiseSVN\bin;C:\Program Files (x86)\NVIDIA Corporation\PhysX\Common;C:\Program Files\NVIDIA Corporation\NVIDIA NvDLISR\%MAVEN_HOME%\bin;D:\Note.js\;C:\Program Files\Git\cmd;D:\1111\chromedriver.exe;D:\python\Scripts\;D:\python\;D:\Mysql\mysql-5.7.25-winx64\bin;D:\maven\apache-maven-3.6.3\bin\;C:\Users\Administrator\AppData\Roaming\npm;D:\pychram\PyCharm Community Edition 2020.1.1\bin;;D:\2020elipse\eclipse;
USERNAME=Administrator
OS=Windows_NT
PROCESSOR_IDENTIFIER=Intel64 Family 6 Model 158 Stepping 9, GenuineIntel



---------------  S Y S T E M  ---------------

OS: Windows 7 , 64 bit Build 7601 (6.1.7601.19045)

CPU:total 4 (initial active 4) (4 cores per cpu, 1 threads per core) family 6 model 158 stepping 9, cmov, cx8, fxsr, mmx, sse, sse2, sse3, ssse3, sse4.1, sse4.2, popcnt, avx, avx2, aes, clmul, erms, rtm, 3dnowpref, lzcnt, tsc, tscinvbit, bmi1, bmi2, adx

Memory: 4k page, physical 8338720k(1532076k free), swap 12242420k(8684k free)

vm_info: Java HotSpot(TM) 64-Bit Server VM (25.151-b12) for windows-amd64 JRE (1.8.0_151-b12), built on Sep  5 2017 19:33:46 by "java_re" with MS VC++ 10.0 (VS2010)

time: Sun Aug 23 00:26:12 2020
elapsed time: 4 seconds (0d 0h 0m 4s)

