#
# There is insufficient memory for the Java Runtime Environment to continue.
# Native memory allocation (malloc) failed to allocate 32744 bytes for ChunkPool::allocate
# Possible reasons:
#   The system is out of physical RAM or swap space
#   In 32 bit mode, the process size limit was hit
# Possible solutions:
#   Reduce memory load on the system
#   Increase physical memory or swap space
#   Check if swap backing store is full
#   Use 64 bit Java on a 64 bit OS
#   Decrease Java heap size (-Xmx/-Xms)
#   Decrease number of Java threads
#   Decrease Java thread stack sizes (-Xss)
#   Set larger code cache with -XX:ReservedCodeCacheSize=
# This output file may be truncated or incomplete.
#
#  Out of Memory Error (allocation.cpp:273), pid=5364, tid=0x000000000000182c
#
# JRE version: Java(TM) SE Runtime Environment (8.0_151-b12) (build 1.8.0_151-b12)
# Java VM: Java HotSpot(TM) 64-Bit Server VM (25.151-b12 mixed mode windows-amd64 compressed oops)
# Failed to write core dump. Minidumps are not enabled by default on client versions of Windows
#

---------------  T H R E A D  ---------------

Current thread (0x000000005a049000):  JavaThread "C1 CompilerThread2" daemon [_thread_in_native, id=6188, stack(0x000000005a990000,0x000000005aa90000)]

Stack: [0x000000005a990000,0x000000005aa90000]
[error occurred during error reporting (printing stack bounds), id 0xc0000005]

Native frames: (J=compiled Java code, j=interpreted, Vv=VM code, C=native code)


Current CompileTask:
C1:  16535 8664       2      
[error occurred during error reporting (printing current compile task), id 0xe0000001]


---------------  P R O C E S S  ---------------

Java Threads: ( => current thread )
  0x00000000603a0800 JavaThread "Timer-1" daemon [_thread_in_native, id=10756, stack(0x00000000689f0000,0x0000000068af0000)]
  0x000000006039f800 JavaThread "quartzScheduler_QuartzSchedulerThread" [_thread_blocked, id=11768, stack(0x00000000662a0000,0x00000000663a0000)]
  0x000000006039f000 JavaThread "quartzScheduler_Worker-10" [_thread_blocked, id=12004, stack(0x0000000068850000,0x0000000068950000)]
  0x000000006039e000 JavaThread "quartzScheduler_Worker-9" [_thread_blocked, id=8236, stack(0x0000000068660000,0x0000000068760000)]
  0x000000006039d800 JavaThread "quartzScheduler_Worker-8" [_thread_blocked, id=8004, stack(0x00000000684f0000,0x00000000685f0000)]
  0x000000006039c800 JavaThread "quartzScheduler_Worker-7" [_thread_blocked, id=10952, stack(0x0000000068300000,0x0000000068400000)]
  0x000000006039c000 JavaThread "quartzScheduler_Worker-6" [_thread_blocked, id=9404, stack(0x00000000680f0000,0x00000000681f0000)]
  0x0000000060eed800 JavaThread "quartzScheduler_Worker-5" [_thread_blocked, id=5404, stack(0x0000000066f30000,0x0000000067030000)]
  0x0000000060eec800 JavaThread "quartzScheduler_Worker-4" [_thread_blocked, id=7596, stack(0x0000000066dc0000,0x0000000066ec0000)]
  0x0000000060eec000 JavaThread "quartzScheduler_Worker-3" [_thread_blocked, id=9420, stack(0x0000000066bc0000,0x0000000066cc0000)]
  0x0000000060eeb000 JavaThread "quartzScheduler_Worker-2" [_thread_blocked, id=5860, stack(0x0000000066630000,0x0000000066730000)]
  0x0000000060eea800 JavaThread "quartzScheduler_Worker-1" [_thread_blocked, id=4844, stack(0x0000000064c10000,0x0000000064d10000)]
  0x0000000060ee7800 JavaThread "Timer-0" daemon [_thread_in_native, id=11728, stack(0x00000000654c0000,0x00000000655c0000)]
  0x0000000060ee6800 JavaThread "DefaultQuartzScheduler_QuartzSchedulerThread" [_thread_blocked, id=3536, stack(0x0000000064af0000,0x0000000064bf0000)]
  0x000000005e9c7000 JavaThread "DefaultQuartzScheduler_Worker-10" [_thread_blocked, id=8484, stack(0x0000000065e10000,0x0000000065f10000)]
  0x000000005e9c6800 JavaThread "DefaultQuartzScheduler_Worker-9" [_thread_blocked, id=11724, stack(0x0000000065f90000,0x0000000066090000)]
  0x000000005e9c5800 JavaThread "DefaultQuartzScheduler_Worker-8" [_thread_blocked, id=1860, stack(0x0000000065cb0000,0x0000000065db0000)]
  0x000000005e9c4800 JavaThread "DefaultQuartzScheduler_Worker-7" [_thread_blocked, id=756, stack(0x0000000065b90000,0x0000000065c90000)]
  0x000000005e9c4000 JavaThread "DefaultQuartzScheduler_Worker-6" [_thread_blocked, id=4552, stack(0x0000000065a50000,0x0000000065b50000)]
  0x000000005e9c3000 JavaThread "DefaultQuartzScheduler_Worker-5" [_thread_blocked, id=10064, stack(0x00000000652a0000,0x00000000653a0000)]
  0x000000005e9c2800 JavaThread "DefaultQuartzScheduler_Worker-4" [_thread_blocked, id=8356, stack(0x00000000657f0000,0x00000000658f0000)]
  0x000000005e9c1800 JavaThread "DefaultQuartzScheduler_Worker-3" [_thread_blocked, id=12264, stack(0x00000000658f0000,0x00000000659f0000)]
  0x000000005e9c1000 JavaThread "DefaultQuartzScheduler_Worker-2" [_thread_blocked, id=10748, stack(0x000000005fcc0000,0x000000005fdc0000)]
  0x000000005e9c0000 JavaThread "DefaultQuartzScheduler_Worker-1" [_thread_blocked, id=3904, stack(0x00000000651a0000,0x00000000652a0000)]
  0x000000005f6f8800 JavaThread "Druid-ConnectionPool-Destroy-1105700164" daemon [_thread_blocked, id=10512, stack(0x0000000062060000,0x0000000062160000)]
  0x000000005f6f7800 JavaThread "Druid-ConnectionPool-Create-1105700164" daemon [_thread_blocked, id=1520, stack(0x00000000653b0000,0x00000000654b0000)]
  0x000000005f6f7000 JavaThread "Abandoned connection cleanup thread" daemon [_thread_blocked, id=11592, stack(0x00000000594d0000,0x00000000595d0000)]
  0x000000005f6f6000 JavaThread "container-0" [_thread_blocked, id=8392, stack(0x0000000064d70000,0x0000000064e70000)]
  0x000000005f6f2800 JavaThread "ContainerBackgroundProcessor[StandardEngine[Tomcat]]" daemon [_thread_blocked, id=8476, stack(0x0000000061620000,0x0000000061720000)]
  0x000000005f6f5800 JavaThread "localhost-startStop-1" daemon [_thread_blocked, id=5360, stack(0x00000000643b0000,0x00000000644b0000)]
  0x000000005f6f4800 JavaThread "Tomcat-startStop-1" daemon [_thread_blocked, id=7432, stack(0x000000005e6f0000,0x000000005e7f0000)]
  0x000000005bd52800 JavaThread "logback-2" daemon [_thread_blocked, id=8928, stack(0x000000005cf70000,0x000000005d070000)]
  0x000000005a456800 JavaThread "ReaderThread" [_thread_in_native, id=10860, stack(0x000000005aae0000,0x000000005abe0000)]
  0x000000005a1c0000 JavaThread "Service Thread" daemon [_thread_blocked, id=8560, stack(0x0000000059830000,0x0000000059930000)]
=>0x000000005a049000 JavaThread "C1 CompilerThread2" daemon [_thread_in_native, id=6188, stack(0x000000005a990000,0x000000005aa90000)]
  0x000000005a048000 JavaThread "C2 CompilerThread1" daemon [_thread_in_native, id=10468, stack(0x000000005a7d0000,0x000000005a8d0000)]
  0x000000005a058800 JavaThread "C2 CompilerThread0" daemon [_thread_in_native, id=6544, stack(0x000000005a6b0000,0x000000005a7b0000)]
  0x0000000058c86000 JavaThread "JDWP Command Reader" daemon [_thread_in_native, id=7748, stack(0x0000000059cd0000,0x0000000059dd0000)]
  0x0000000058c82800 JavaThread "JDWP Event Helper Thread" daemon [_thread_blocked, id=9932, stack(0x0000000059ad0000,0x0000000059bd0000)]
  0x0000000058c75000 JavaThread "JDWP Transport Listener: dt_socket" daemon [_thread_blocked, id=11812, stack(0x00000000599a0000,0x0000000059aa0000)]
  0x000000005791f000 JavaThread "Attach Listener" daemon [_thread_blocked, id=12160, stack(0x00000000593c0000,0x00000000594c0000)]
  0x0000000058c6b000 JavaThread "Signal Dispatcher" daemon [_thread_blocked, id=11836, stack(0x0000000059210000,0x0000000059310000)]
  0x0000000057903800 JavaThread "Finalizer" daemon [_thread_blocked, id=8324, stack(0x0000000058a20000,0x0000000058b20000)]
  0x00000000578ba800 JavaThread "Reference Handler" daemon [_thread_blocked, id=5900, stack(0x0000000058b50000,0x0000000058c50000)]
  0x00000000026c0000 JavaThread "main" [_thread_in_vm, id=8536, stack(0x0000000002820000,0x0000000002920000)]

Other Threads:
  0x00000000578b3000 VMThread [stack: 0x0000000058920000,0x0000000058a20000] [id=7344]
  0x000000005a1ee000 WatcherThread [stack: 0x000000005abe0000,0x000000005ace0000] [id=11400]

VM state:not at safepoint (normal execution)

VM Mutex/Monitor currently owned by a thread: None

Heap:
 PSYoungGen      total 669696K, used 29686K [0x00000000d5980000, 0x0000000100000000, 0x0000000100000000)
  eden space 645632K, 2% used [0x00000000d5980000,0x00000000d675a490,0x00000000fd000000)
  from space 24064K, 64% used [0x00000000fe880000,0x00000000ff7a3678,0x0000000100000000)
  to   space 24576K, 0% used [0x00000000fd000000,0x00000000fd000000,0x00000000fe800000)
 ParOldGen       total 130048K, used 47887K [0x0000000080c00000, 0x0000000088b00000, 0x00000000d5980000)
  object space 130048K, 36% used [0x0000000080c00000,0x0000000083ac3e40,0x0000000088b00000)
 Metaspace       used 63744K, capacity 65660K, committed 65968K, reserved 1107968K
  class space    used 7651K, capacity 8022K, committed 8112K, reserved 1048576K

Card table byte_map: [0x0000000011de0000,0x00000000121e0000] byte_map_base: 0x00000000119da000

Marking Bits: (ParMarkBitMap*) 0x000000006f47d850
 Begin Bits: [0x0000000012b80000, 0x0000000014b50000)
 End Bits:   [0x0000000014b50000, 0x0000000016b20000)

Polling page: 0x0000000000120000

CodeCache: size=245760Kb used=30543Kb max_used=30543Kb free=215216Kb
 bounds [0x0000000002a20000, 0x0000000004810000, 0x0000000011a20000]
 total_blobs=8204 nmethods=7660 adapters=462
 compilation: enabled

Compilation events (10 events):
Event: 16.531 Thread 0x000000005a049000 nmethod 8659 0x0000000004803e10 code [0x0000000004804100, 0x0000000004805208]
Event: 16.531 Thread 0x000000005a049000 8660       2       com.google.common.collect.FluentIterable::filter (12 bytes)
Event: 16.531 Thread 0x000000005a049000 nmethod 8660 0x0000000004806490 code [0x0000000004806620, 0x0000000004806978]
Event: 16.531 Thread 0x000000005a049000 8661       2       com.google.common.collect.Iterables::filter (20 bytes)
Event: 16.531 Thread 0x000000005a049000 nmethod 8661 0x0000000004806c10 code [0x0000000004806da0, 0x00000000048070d8]
Event: 16.531 Thread 0x000000005a049000 8662       1       springfox.documentation.spi.schema.contexts.ModelContext::isReturnType (5 bytes)
Event: 16.531 Thread 0x000000005a049000 nmethod 8662 0x00000000048072d0 code [0x0000000004807420, 0x0000000004807530]
Event: 16.531 Thread 0x000000005a049000 8663       2       springfox.documentation.spring.web.readers.operation.HandlerMethodResolver::useType (37 bytes)
Event: 16.532 Thread 0x000000005a049000 nmethod 8663 0x0000000004807590 code [0x0000000004807720, 0x0000000004807a58]
Event: 16.532 Thread 0x000000005a049000 8664       2       springfox.documentation.spring.web.readers.operation.HandlerMethodResolver::resolveToMethodWithMaxResolvedTypes (70 bytes)

GC Heap History (10 events):
Event: 8.787 GC heap before
{Heap before GC invocations=11 (full 2):
 PSYoungGen      total 420352K, used 419968K [0x00000000d5980000, 0x00000000f1900000, 0x0000000100000000)
  eden space 409600K, 100% used [0x00000000d5980000,0x00000000ee980000,0x00000000ee980000)
  from space 10752K, 96% used [0x00000000f0e80000,0x00000000f18a03b8,0x00000000f1900000)
  to   space 18944K, 0% used [0x00000000ef400000,0x00000000ef400000,0x00000000f0680000)
 ParOldGen       total 90624K, used 27933K [0x0000000080c00000, 0x0000000086480000, 0x00000000d5980000)
  object space 90624K, 30% used [0x0000000080c00000,0x0000000082747640,0x0000000086480000)
 Metaspace       used 46797K, capacity 48168K, committed 48432K, reserved 1091584K
  class space    used 5838K, capacity 6084K, committed 6192K, reserved 1048576K
Event: 8.808 GC heap after
Heap after GC invocations=11 (full 2):
 PSYoungGen      total 439296K, used 18919K [0x00000000d5980000, 0x00000000f9400000, 0x0000000100000000)
  eden space 420352K, 0% used [0x00000000d5980000,0x00000000d5980000,0x00000000ef400000)
  from space 18944K, 99% used [0x00000000ef400000,0x00000000f0679dc8,0x00000000f0680000)
  to   space 22016K, 0% used [0x00000000f7e80000,0x00000000f7e80000,0x00000000f9400000)
 ParOldGen       total 90624K, used 28800K [0x0000000080c00000, 0x0000000086480000, 0x00000000d5980000)
  object space 90624K, 31% used [0x0000000080c00000,0x0000000082820358,0x0000000086480000)
 Metaspace       used 46797K, capacity 48168K, committed 48432K, reserved 1091584K
  class space    used 5838K, capacity 6084K, committed 6192K, reserved 1048576K
}
Event: 11.520 GC heap before
{Heap before GC invocations=12 (full 2):
 PSYoungGen      total 439296K, used 439271K [0x00000000d5980000, 0x00000000f9400000, 0x0000000100000000)
  eden space 420352K, 100% used [0x00000000d5980000,0x00000000ef400000,0x00000000ef400000)
  from space 18944K, 99% used [0x00000000ef400000,0x00000000f0679dc8,0x00000000f0680000)
  to   space 22016K, 0% used [0x00000000f7e80000,0x00000000f7e80000,0x00000000f9400000)
 ParOldGen       total 90624K, used 28800K [0x0000000080c00000, 0x0000000086480000, 0x00000000d5980000)
  object space 90624K, 31% used [0x0000000080c00000,0x0000000082820358,0x0000000086480000)
 Metaspace       used 55523K, capacity 57050K, committed 57392K, reserved 1099776K
  class space    used 6585K, capacity 6875K, committed 6960K, reserved 1048576K
Event: 11.538 GC heap after
Heap after GC invocations=12 (full 2):
 PSYoungGen      total 559104K, used 21021K [0x00000000d5980000, 0x00000000f9b00000, 0x0000000100000000)
  eden space 537088K, 0% used [0x00000000d5980000,0x00000000d5980000,0x00000000f6600000)
  from space 22016K, 95% used [0x00000000f7e80000,0x00000000f9307550,0x00000000f9400000)
  to   space 25088K, 0% used [0x00000000f6600000,0x00000000f6600000,0x00000000f7e80000)
 ParOldGen       total 90624K, used 34452K [0x0000000080c00000, 0x0000000086480000, 0x00000000d5980000)
  object space 90624K, 38% used [0x0000000080c00000,0x0000000082da53c8,0x0000000086480000)
 Metaspace       used 55523K, capacity 57050K, committed 57392K, reserved 1099776K
  class space    used 6585K, capacity 6875K, committed 6960K, reserved 1048576K
}
Event: 12.839 GC heap before
{Heap before GC invocations=13 (full 2):
 PSYoungGen      total 559104K, used 251332K [0x00000000d5980000, 0x00000000f9b00000, 0x0000000100000000)
  eden space 537088K, 42% used [0x00000000d5980000,0x00000000e3a69e60,0x00000000f6600000)
  from space 22016K, 95% used [0x00000000f7e80000,0x00000000f9307550,0x00000000f9400000)
  to   space 25088K, 0% used [0x00000000f6600000,0x00000000f6600000,0x00000000f7e80000)
 ParOldGen       total 90624K, used 34452K [0x0000000080c00000, 0x0000000086480000, 0x00000000d5980000)
  object space 90624K, 38% used [0x0000000080c00000,0x0000000082da53c8,0x0000000086480000)
 Metaspace       used 57450K, capacity 59020K, committed 59160K, reserved 1101824K
  class space    used 6772K, capacity 7060K, committed 7088K, reserved 1048576K
Event: 12.865 GC heap after
Heap after GC invocations=13 (full 2):
 PSYoungGen      total 562176K, used 13095K [0x00000000d5980000, 0x0000000100000000, 0x0000000100000000)
  eden space 537088K, 0% used [0x00000000d5980000,0x00000000d5980000,0x00000000f6600000)
  from space 25088K, 52% used [0x00000000f6600000,0x00000000f72c9c40,0x00000000f7e80000)
  to   space 24064K, 0% used [0x00000000fe880000,0x00000000fe880000,0x0000000100000000)
 ParOldGen       total 90624K, used 43846K [0x0000000080c00000, 0x0000000086480000, 0x00000000d5980000)
  object space 90624K, 48% used [0x0000000080c00000,0x00000000836d1840,0x0000000086480000)
 Metaspace       used 57450K, capacity 59020K, committed 59160K, reserved 1101824K
  class space    used 6772K, capacity 7060K, committed 7088K, reserved 1048576K
}
Event: 12.865 GC heap before
{Heap before GC invocations=14 (full 3):
 PSYoungGen      total 562176K, used 13095K [0x00000000d5980000, 0x0000000100000000, 0x0000000100000000)
  eden space 537088K, 0% used [0x00000000d5980000,0x00000000d5980000,0x00000000f6600000)
  from space 25088K, 52% used [0x00000000f6600000,0x00000000f72c9c40,0x00000000f7e80000)
  to   space 24064K, 0% used [0x00000000fe880000,0x00000000fe880000,0x0000000100000000)
 ParOldGen       total 90624K, used 43846K [0x0000000080c00000, 0x0000000086480000, 0x00000000d5980000)
  object space 90624K, 48% used [0x0000000080c00000,0x00000000836d1840,0x0000000086480000)
 Metaspace       used 57450K, capacity 59020K, committed 59160K, reserved 1101824K
  class space    used 6772K, capacity 7060K, committed 7088K, reserved 1048576K
Event: 13.073 GC heap after
Heap after GC invocations=14 (full 3):
 PSYoungGen      total 562176K, used 0K [0x00000000d5980000, 0x0000000100000000, 0x0000000100000000)
  eden space 537088K, 0% used [0x00000000d5980000,0x00000000d5980000,0x00000000f6600000)
  from space 25088K, 0% used [0x00000000f6600000,0x00000000f6600000,0x00000000f7e80000)
  to   space 24064K, 0% used [0x00000000fe880000,0x00000000fe880000,0x0000000100000000)
 ParOldGen       total 130048K, used 47887K [0x0000000080c00000, 0x0000000088b00000, 0x00000000d5980000)
  object space 130048K, 36% used [0x0000000080c00000,0x0000000083ac3e40,0x0000000088b00000)
 Metaspace       used 57450K, capacity 59020K, committed 59160K, reserved 1101824K
  class space    used 6772K, capacity 7060K, committed 7088K, reserved 1048576K
}
Event: 16.454 GC heap before
{Heap before GC invocations=15 (full 3):
 PSYoungGen      total 562176K, used 537088K [0x00000000d5980000, 0x0000000100000000, 0x0000000100000000)
  eden space 537088K, 100% used [0x00000000d5980000,0x00000000f6600000,0x00000000f6600000)
  from space 25088K, 0% used [0x00000000f6600000,0x00000000f6600000,0x00000000f7e80000)
  to   space 24064K, 0% used [0x00000000fe880000,0x00000000fe880000,0x0000000100000000)
 ParOldGen       total 130048K, used 47887K [0x0000000080c00000, 0x0000000088b00000, 0x00000000d5980000)
  object space 130048K, 36% used [0x0000000080c00000,0x0000000083ac3e40,0x0000000088b00000)
 Metaspace       used 63701K, capacity 65660K, committed 65968K, reserved 1107968K
  class space    used 7646K, capacity 8022K, committed 8112K, reserved 1048576K
Event: 16.483 GC heap after
Heap after GC invocations=15 (full 3):
 PSYoungGen      total 669696K, used 15501K [0x00000000d5980000, 0x0000000100000000, 0x0000000100000000)
  eden space 645632K, 0% used [0x00000000d5980000,0x00000000d5980000,0x00000000fd000000)
  from space 24064K, 64% used [0x00000000fe880000,0x00000000ff7a3678,0x0000000100000000)
  to   space 24576K, 0% used [0x00000000fd000000,0x00000000fd000000,0x00000000fe800000)
 ParOldGen       total 130048K, used 47887K [0x0000000080c00000, 0x0000000088b00000, 0x00000000d5980000)
  object space 130048K, 36% used [0x0000000080c00000,0x0000000083ac3e40,0x0000000088b00000)
 Metaspace       used 63701K, capacity 65660K, committed 65968K, reserved 1107968K
  class space    used 7646K, capacity 8022K, committed 8112K, reserved 1048576K
}

Deoptimization events (10 events):
Event: 16.528 Thread 0x00000000026c0000 Uncommon trap: reason=unhandled action=none pc=0x000000000389f0b4 method=java.lang.Class.getDeclaredMethod(Ljava/lang/String;[Ljava/lang/Class;)Ljava/lang/reflect/Method; @ 64
Event: 16.530 Thread 0x00000000026c0000 Uncommon trap: reason=unhandled action=none pc=0x000000000389f0b4 method=java.lang.Class.getDeclaredMethod(Ljava/lang/String;[Ljava/lang/Class;)Ljava/lang/reflect/Method; @ 64
Event: 16.530 Thread 0x00000000026c0000 Uncommon trap: reason=unhandled action=none pc=0x000000000389f0b4 method=java.lang.Class.getDeclaredMethod(Ljava/lang/String;[Ljava/lang/Class;)Ljava/lang/reflect/Method; @ 64
Event: 16.530 Thread 0x00000000026c0000 Uncommon trap: reason=unhandled action=none pc=0x000000000389f0b4 method=java.lang.Class.getDeclaredMethod(Ljava/lang/String;[Ljava/lang/Class;)Ljava/lang/reflect/Method; @ 64
Event: 16.530 Thread 0x00000000026c0000 Uncommon trap: reason=unhandled action=none pc=0x000000000389f0b4 method=java.lang.Class.getDeclaredMethod(Ljava/lang/String;[Ljava/lang/Class;)Ljava/lang/reflect/Method; @ 64
Event: 16.531 Thread 0x00000000026c0000 Uncommon trap: reason=unhandled action=none pc=0x000000000389f0b4 method=java.lang.Class.getDeclaredMethod(Ljava/lang/String;[Ljava/lang/Class;)Ljava/lang/reflect/Method; @ 64
Event: 16.531 Thread 0x00000000026c0000 Uncommon trap: reason=unhandled action=none pc=0x000000000389f0b4 method=java.lang.Class.getDeclaredMethod(Ljava/lang/String;[Ljava/lang/Class;)Ljava/lang/reflect/Method; @ 64
Event: 16.532 Thread 0x00000000026c0000 Uncommon trap: reason=unhandled action=none pc=0x000000000389f0b4 method=java.lang.Class.getDeclaredMethod(Ljava/lang/String;[Ljava/lang/Class;)Ljava/lang/reflect/Method; @ 64
Event: 16.532 Thread 0x00000000026c0000 Uncommon trap: reason=unhandled action=none pc=0x000000000389f0b4 method=java.lang.Class.getDeclaredMethod(Ljava/lang/String;[Ljava/lang/Class;)Ljava/lang/reflect/Method; @ 64
Event: 16.532 Thread 0x00000000026c0000 Uncommon trap: reason=unhandled action=none pc=0x000000000389f0b4 method=java.lang.Class.getDeclaredMethod(Ljava/lang/String;[Ljava/lang/Class;)Ljava/lang/reflect/Method; @ 64

Internal exceptions (10 events):
Event: 16.510 Thread 0x00000000026c0000 Exception <a 'java/lang/ArrayIndexOutOfBoundsException': 28> (0x00000000d5de2918) thrown at [C:\re\workspace\8-2-build-windows-amd64-cygwin\jdk8u151\9699\hotspot\src\share\vm\interpreter\interpreterRuntime.cpp, line 366]
Event: 16.510 Thread 0x00000000026c0000 Exception <a 'java/lang/ArrayIndexOutOfBoundsException': 31> (0x00000000d5de3ec8) thrown at [C:\re\workspace\8-2-build-windows-amd64-cygwin\jdk8u151\9699\hotspot\src\share\vm\interpreter\interpreterRuntime.cpp, line 366]
Event: 16.511 Thread 0x00000000026c0000 Exception <a 'java/lang/ClassNotFoundException': com/fc/test/model/custom/autocode/TableConfigBeanInfo> (0x00000000d5e102f0) thrown at [C:\re\workspace\8-2-build-windows-amd64-cygwin\jdk8u151\9699\hotspot\src\share\vm\classfile\systemDictionary.cpp, line 
Event: 16.513 Thread 0x00000000026c0000 Exception <a 'java/lang/ClassNotFoundException': com/fc/test/model/custom/autocode/TableConfigCustomizer> (0x00000000d5e377d0) thrown at [C:\re\workspace\8-2-build-windows-amd64-cygwin\jdk8u151\9699\hotspot\src\share\vm\classfile\systemDictionary.cpp, lin
Event: 16.515 Thread 0x00000000026c0000 Exception <a 'java/lang/ClassNotFoundException': org/springframework/ui/ModelBeanInfo> (0x00000000d5e681c0) thrown at [C:\re\workspace\8-2-build-windows-amd64-cygwin\jdk8u151\9699\hotspot\src\share\vm\classfile\systemDictionary.cpp, line 210]
Event: 16.515 Thread 0x00000000026c0000 Exception <a 'java/lang/ClassNotFoundException': org/springframework/ui/ModelCustomizer> (0x00000000d5e87308) thrown at [C:\re\workspace\8-2-build-windows-amd64-cygwin\jdk8u151\9699\hotspot\src\share\vm\classfile\systemDictionary.cpp, line 210]
Event: 16.515 Thread 0x00000000026c0000 Exception <a 'java/lang/ArrayIndexOutOfBoundsException': 68> (0x00000000d5e89c40) thrown at [C:\re\workspace\8-2-build-windows-amd64-cygwin\jdk8u151\9699\hotspot\src\share\vm\interpreter\interpreterRuntime.cpp, line 366]
Event: 16.515 Thread 0x00000000026c0000 Exception <a 'java/lang/ArrayIndexOutOfBoundsException': 57> (0x00000000d5e8b7b8) thrown at [C:\re\workspace\8-2-build-windows-amd64-cygwin\jdk8u151\9699\hotspot\src\share\vm\interpreter\interpreterRuntime.cpp, line 366]
Event: 16.515 Thread 0x00000000026c0000 Exception <a 'java/lang/ArrayIndexOutOfBoundsException': 55> (0x00000000d5e8dad0) thrown at [C:\re\workspace\8-2-build-windows-amd64-cygwin\jdk8u151\9699\hotspot\src\share\vm\interpreter\interpreterRuntime.cpp, line 366]
Event: 16.516 Thread 0x00000000026c0000 Exception <a 'java/lang/ArrayIndexOutOfBoundsException': 68> (0x00000000d5e8f648) thrown at [C:\re\workspace\8-2-build-windows-amd64-cygwin\jdk8u151\9699\hotspot\src\share\vm\interpreter\interpreterRuntime.cpp, line 366]

Events (10 events):
Event: 16.531 Thread 0x00000000026c0000 DEOPT UNPACKING pc=0x0000000002a6582a sp=0x000000000291dab8 mode 2
Event: 16.532 Thread 0x00000000026c0000 Uncommon trap: trap_request=0xffffffa7 fr.pc=0x000000000389f0b4
Event: 16.532 Thread 0x00000000026c0000 DEOPT PACKING pc=0x000000000389f0b4 sp=0x000000000291d950
Event: 16.532 Thread 0x00000000026c0000 DEOPT UNPACKING pc=0x0000000002a6582a sp=0x000000000291d998 mode 2
Event: 16.532 Thread 0x00000000026c0000 Uncommon trap: trap_request=0xffffffa7 fr.pc=0x000000000389f0b4
Event: 16.532 Thread 0x00000000026c0000 DEOPT PACKING pc=0x000000000389f0b4 sp=0x000000000291d990
Event: 16.532 Thread 0x00000000026c0000 DEOPT UNPACKING pc=0x0000000002a6582a sp=0x000000000291d9d8 mode 2
Event: 16.532 Thread 0x00000000026c0000 Uncommon trap: trap_request=0xffffffa7 fr.pc=0x000000000389f0b4
Event: 16.532 Thread 0x00000000026c0000 DEOPT PACKING pc=0x000000000389f0b4 sp=0x000000000291d990
Event: 16.532 Thread 0x00000000026c0000 DEOPT UNPACKING pc=0x0000000002a6582a sp=0x000000000291d9d8 mode 2


Dynamic libraries:
0x000000013fc10000 - 0x000000013fc47000 	C:\Program Files\Java\jre1.8.0_151\bin\javaw.exe
0x0000000077880000 - 0x0000000077a29000 	C:\Windows\SYSTEM32\ntdll.dll
0x0000000077760000 - 0x0000000077880000 	C:\Windows\system32\kernel32.dll
0x000007fefd830000 - 0x000007fefd89c000 	C:\Windows\system32\KERNELBASE.dll
0x000007feff470000 - 0x000007feff54b000 	C:\Windows\system32\ADVAPI32.dll
0x000007feff550000 - 0x000007feff5ef000 	C:\Windows\system32\msvcrt.dll
0x000007fefe5f0000 - 0x000007fefe60f000 	C:\Windows\SYSTEM32\sechost.dll
0x000007fefe2b0000 - 0x000007fefe3dd000 	C:\Windows\system32\RPCRT4.dll
0x0000000077660000 - 0x000000007775a000 	C:\Windows\system32\USER32.dll
0x000007fefdca0000 - 0x000007fefdd07000 	C:\Windows\system32\GDI32.dll
0x000007feff5f0000 - 0x000007feff5fe000 	C:\Windows\system32\LPK.dll
0x000007fefdef0000 - 0x000007fefdfb9000 	C:\Windows\system32\USP10.dll
0x000007fefb6e0000 - 0x000007fefb8d4000 	C:\Windows\WinSxS\amd64_microsoft.windows.common-controls_6595b64144ccf1df_6.0.7601.18837_none_fa3b1e3d17594757\COMCTL32.dll
0x000007feff860000 - 0x000007feff8d1000 	C:\Windows\system32\SHLWAPI.dll
0x000007feff990000 - 0x000007feff9be000 	C:\Windows\system32\IMM32.DLL
0x000007fefdb90000 - 0x000007fefdc99000 	C:\Windows\system32\MSCTF.dll
0x0000000073210000 - 0x00000000732e2000 	C:\Program Files\Java\jre1.8.0_151\bin\msvcr100.dll
0x000000006ec60000 - 0x000000006f4fd000 	C:\Program Files\Java\jre1.8.0_151\bin\server\jvm.dll
0x000007fef2180000 - 0x000007fef2189000 	C:\Windows\system32\WSOCK32.dll
0x000007fefe690000 - 0x000007fefe6dd000 	C:\Windows\system32\WS2_32.dll
0x000007feff8e0000 - 0x000007feff8e8000 	C:\Windows\system32\NSI.dll
0x000007fef9670000 - 0x000007fef96ab000 	C:\Windows\system32\WINMM.dll
0x000007fefca30000 - 0x000007fefca3c000 	C:\Windows\system32\VERSION.dll
0x0000000077a50000 - 0x0000000077a57000 	C:\Windows\system32\PSAPI.DLL
0x0000000074480000 - 0x000000007448f000 	C:\Program Files\Java\jre1.8.0_151\bin\verify.dll
0x0000000074450000 - 0x0000000074479000 	C:\Program Files\Java\jre1.8.0_151\bin\java.dll
0x0000000074410000 - 0x0000000074445000 	C:\Program Files\Java\jre1.8.0_151\bin\jdwp.dll
0x0000000074400000 - 0x0000000074408000 	C:\Program Files\Java\jre1.8.0_151\bin\npt.dll
0x0000000074290000 - 0x00000000742b3000 	C:\Program Files\Java\jre1.8.0_151\bin\instrument.dll
0x0000000074270000 - 0x0000000074286000 	C:\Program Files\Java\jre1.8.0_151\bin\zip.dll
0x000007fefe6e0000 - 0x000007feff469000 	C:\Windows\system32\SHELL32.dll
0x000007fefe3e0000 - 0x000007fefe5e3000 	C:\Windows\system32\ole32.dll
0x000007fefd780000 - 0x000007fefd78f000 	C:\Windows\system32\profapi.dll
0x00000000743f0000 - 0x00000000743f9000 	C:\Program Files\Java\jre1.8.0_151\bin\dt_socket.dll
0x000007fefbf90000 - 0x000007fefbfa5000 	C:\Windows\system32\NLAapi.dll
0x000007fef6b10000 - 0x000007fef6b25000 	C:\Windows\system32\napinsp.dll
0x000007fef62c0000 - 0x000007fef62d9000 	C:\Windows\system32\pnrpnsp.dll
0x000007fefcfd0000 - 0x000007fefd025000 	C:\Windows\System32\mswsock.dll
0x000007fefce50000 - 0x000007fefceab000 	C:\Windows\system32\DNSAPI.dll
0x000007fef6290000 - 0x000007fef629b000 	C:\Windows\System32\winrnr.dll
0x000007fefae20000 - 0x000007fefae47000 	C:\Windows\system32\IPHLPAPI.DLL
0x000007fefae00000 - 0x000007fefae0b000 	C:\Windows\system32\WINNSI.DLL
0x000007fefaca0000 - 0x000007fefacf3000 	C:\Windows\System32\fwpuclnt.dll
0x000007fef5960000 - 0x000007fef5968000 	C:\Windows\system32\rasadhlp.dll
0x000007fefc480000 - 0x000007fefc487000 	C:\Windows\System32\wshtcpip.dll
0x0000000074250000 - 0x000000007426a000 	C:\Program Files\Java\jre1.8.0_151\bin\net.dll
0x000007fefcfc0000 - 0x000007fefcfc7000 	C:\Windows\System32\wship6.dll
0x0000000074220000 - 0x000000007422d000 	C:\Program Files\Java\jre1.8.0_151\bin\management.dll
0x0000000074200000 - 0x0000000074211000 	C:\Program Files\Java\jre1.8.0_151\bin\nio.dll
0x00000000741d0000 - 0x00000000741f4000 	C:\Program Files\Java\jre1.8.0_151\bin\sunec.dll
0x000007fefa910000 - 0x000007fefa921000 	C:\Windows\system32\dhcpcsvc6.DLL
0x000007fefaa30000 - 0x000007fefaa48000 	C:\Windows\system32\dhcpcsvc.DLL
0x000007fefd030000 - 0x000007fefd048000 	C:\Windows\system32\CRYPTSP.dll
0x000007fefcd30000 - 0x000007fefcd77000 	C:\Windows\system32\rsaenh.dll
0x000007fefcab0000 - 0x000007fefcace000 	C:\Windows\system32\USERENV.dll
0x000007fefd6b0000 - 0x000007fefd6bf000 	C:\Windows\system32\CRYPTBASE.dll
0x00000000741b0000 - 0x00000000741bb000 	C:\Program Files\Java\jre1.8.0_151\bin\sunmscapi.dll
0x000007fefda20000 - 0x000007fefdb8d000 	C:\Windows\system32\CRYPT32.dll
0x000007fefd820000 - 0x000007fefd82f000 	C:\Windows\system32\MSASN1.dll

VM Arguments:
jvm_args: -agentlib:jdwp=transport=dt_socket,suspend=y,address=localhost:56187 -ea -javaagent:D:\2020elipse\eclipse\configuration\org.eclipse.osgi\411\0\.cp\lib\javaagent-shaded.jar -Dfile.encoding=UTF-8 
java_command: org.eclipse.jdt.internal.junit.runner.RemoteTestRunner -version 3 -port 56186 -testLoaderClass org.eclipse.jdt.internal.junit4.runner.JUnit4TestLoader -loaderpluginname org.eclipse.jdt.junit4.runtime -classNames test.SpringbootTest
java_class_path (initial): C:\Users\Administrator\git\Springboot_v2\target\test-classes;C:\Users\Administrator\git\Springboot_v2\target\classes;C:\Users\Administrator\.m2\repository\org\apache\poi\poi\3.10-FINAL\poi-3.10-FINAL.jar;C:\Users\Administrator\.m2\repository\org\apache\poi\poi-ooxml\3.10-FINAL\poi-ooxml-3.10-FINAL.jar;C:\Users\Administrator\.m2\repository\dom4j\dom4j\1.6.1\dom4j-1.6.1.jar;C:\Users\Administrator\.m2\repository\xml-apis\xml-apis\1.4.01\xml-apis-1.4.01.jar;C:\Users\Administrator\.m2\repository\org\apache\poi\poi-ooxml-schemas\3.10-FINAL\poi-ooxml-schemas-3.10-FINAL.jar;C:\Users\Administrator\.m2\repository\org\apache\xmlbeans\xmlbeans\2.3.0\xmlbeans-2.3.0.jar;C:\Users\Administrator\.m2\repository\stax\stax-api\1.0.1\stax-api-1.0.1.jar;C:\Users\Administrator\.m2\repository\org\apache\commons\commons-collections4\4.1\commons-collections4-4.1.jar;C:\Users\Administrator\.m2\repository\org\springframework\boot\spring-boot-starter-freemarker\2.0.0.RELEASE\spring-boot-starter-freemarker-2.0.0.RELEASE.jar;C:\Users\Administrator\.m2\repository\org\springframework\boot\spring-boot-starter\2.0.0.RELEASE\spring-boot-starter-2.0.0.RELEASE.jar;C:\Users\Administrator\.m2\repository\org\springframework\boot\spring-boot-starter-logging\2.0.0.RELEASE\spring-boot-starter-logging-2.0.0.RELEASE.jar;C:\Users\Administrator\.m2\repository\ch\qos\logback\logback-classic\1.2.3\logback-classic-1.2.3.jar;C:\Users\Administrator\.m2\repository\ch\qos\logback\logback-core\1.2.3\logback-core-1.2.3.jar;C:\Users\Administrator\.m2\repository\org\apache\logging\log4j\log4j-to-slf4j\2.10.0\log4j-to-slf4j-2.10.0.jar;C:\Users\Administrator\.m2\repository\org\apache\logging\log4j\log4j-api\2.10.0\log4j-api-2.10.0.jar;C:\Users\Administrator\.m2\repository\org\slf4j\jul-to-slf4j\1.7.25\jul-to-slf4j-1.7.25.jar;C:\Users\Administrator\.m2\repository\javax\annotation\javax.annotation-api\1.3.2\javax.annotation-api-1.3.2.jar;C:\Users\Administrator\.m2\repository\org\yaml\snakeyaml\1.19\
Launcher Type: SUN_STANDARD

Environment Variables:
JAVA_HOME=C:\Program Files\Java\jdk1.8.0_151
CLASSPATH=.;C:\Program Files\Java\jdk1.8.0_151\lib;C:\Program Files\Java\jdk1.8.0_151\lib\tools.jar
PATH=C:/Program Files/Java/java8/bin/server;C:/Program Files/Java/java8/bin;C:/Program Files/Java/java8/lib/amd64;C:\Program Files (x86)\Common Files\Oracle\Java\javapath;C:\ProgramData\Oracle\Java\javapath;D:\oracle\dbhomeXE\bin;C:\Windows\system32;C:\Windows;C:\Windows\System32\Wbem;C:\Windows\System32\WindowsPowerShell\v1.0\;D:\Mysql\mysql-5.7.25-winx64\bin;C:\Program Files\Java\jdk1.8.0_151\bin;C:\Program Files\Java\jdk1.8.0_151\jre\bin;D:\git\Git\cmd;C:\Program Files\TortoiseSVN\bin;C:\Program Files (x86)\NVIDIA Corporation\PhysX\Common;C:\Program Files\NVIDIA Corporation\NVIDIA NvDLISR\%MAVEN_HOME%\bin;D:\Note.js\;C:\Program Files\Git\cmd;D:\python\Scripts\;D:\python\;D:\Mysql\mysql-5.7.25-winx64\bin;D:\maven\apache-maven-3.6.3\bin\;C:\Users\Administrator\AppData\Roaming\npm;D:\pychram\PyCharm Community Edition 2020.1.1\bin;;D:\2020elipse\eclipse;
USERNAME=Administrator
OS=Windows_NT
PROCESSOR_IDENTIFIER=Intel64 Family 6 Model 158 Stepping 9, GenuineIntel



---------------  S Y S T E M  ---------------

OS: Windows 7 , 64 bit Build 7601 (6.1.7601.19045)

CPU:total 4 (initial active 4) (4 cores per cpu, 1 threads per core) family 6 model 158 stepping 9, cmov, cx8, fxsr, mmx, sse, sse2, sse3, ssse3, sse4.1, sse4.2, popcnt, avx, avx2, aes, clmul, erms, rtm, 3dnowpref, lzcnt, tsc, tscinvbit, bmi1, bmi2, adx

Memory: 4k page, physical 8338720k(841172k free), swap 12242420k(5128k free)

vm_info: Java HotSpot(TM) 64-Bit Server VM (25.151-b12) for windows-amd64 JRE (1.8.0_151-b12), built on Sep  5 2017 19:33:46 by "java_re" with MS VC++ 10.0 (VS2010)

time: Sat Aug 15 22:52:51 2020
elapsed time: 16 seconds (0d 0h 0m 16s)

