#
# There is insufficient memory for the Java Runtime Environment to continue.
# Native memory allocation (malloc) failed to allocate 32744 bytes for ChunkPool::allocate
# Possible reasons:
#   The system is out of physical RAM or swap space
#   In 32 bit mode, the process size limit was hit
# Possible solutions:
#   Reduce memory load on the system
#   Increase physical memory or swap space
#   Check if swap backing store is full
#   Use 64 bit Java on a 64 bit OS
#   Decrease Java heap size (-Xmx/-Xms)
#   Decrease number of Java threads
#   Decrease Java thread stack sizes (-Xss)
#   Set larger code cache with -XX:ReservedCodeCacheSize=
# This output file may be truncated or incomplete.
#
#  Out of Memory Error (allocation.cpp:273), pid=15164, tid=0x0000000000004488
#
# JRE version: Java(TM) SE Runtime Environment (8.0_151-b12) (build 1.8.0_151-b12)
# Java VM: Java HotSpot(TM) 64-Bit Server VM (25.151-b12 mixed mode windows-amd64 compressed oops)
# Failed to write core dump. Minidumps are not enabled by default on client versions of Windows
#

---------------  T H R E A D  ---------------

Current thread (0x000000001a1bf800):  JavaThread "C2 CompilerThread1" daemon [_thread_in_native, id=17544, stack(0x00000000198e0000,0x00000000199e0000)]

Stack: [0x00000000198e0000,0x00000000199e0000]
[error occurred during error reporting (printing stack bounds), id 0xc0000005]

Native frames: (J=compiled Java code, j=interpreted, Vv=VM code, C=native code)


Current CompileTask:
C2:  26543 8383       4       com.fasterxml.classmate.TypeResolver::_fromAny (153 bytes)


---------------  P R O C E S S  ---------------

Java Threads: ( => current thread )
  0x000000001af32000 JavaThread "Timer-1" daemon [_thread_in_native, id=17604, stack(0x00000000214c0000,0x00000000215c0000)]
  0x000000001af31000 JavaThread "quartzScheduler_QuartzSchedulerThread" [_thread_blocked, id=7104, stack(0x000000001a570000,0x000000001a670000)]
  0x000000001af30800 JavaThread "quartzScheduler_Worker-10" [_thread_blocked, id=9204, stack(0x000000002b520000,0x000000002b620000)]
  0x000000001af2f800 JavaThread "quartzScheduler_Worker-9" [_thread_blocked, id=19880, stack(0x0000000023e20000,0x0000000023f20000)]
  0x000000001af2f000 JavaThread "quartzScheduler_Worker-8" [_thread_blocked, id=17860, stack(0x000000002b400000,0x000000002b500000)]
  0x000000001b4b7800 JavaThread "quartzScheduler_Worker-7" [_thread_blocked, id=19072, stack(0x000000002b2d0000,0x000000002b3d0000)]
  0x000000001b4b7000 JavaThread "quartzScheduler_Worker-6" [_thread_blocked, id=20256, stack(0x000000002b140000,0x000000002b240000)]
  0x000000001b4b6000 JavaThread "quartzScheduler_Worker-5" [_thread_blocked, id=20020, stack(0x000000002a090000,0x000000002a190000)]
  0x000000001b4b5800 JavaThread "quartzScheduler_Worker-4" [_thread_blocked, id=17648, stack(0x000000002af90000,0x000000002b090000)]
  0x000000001b4b4800 JavaThread "quartzScheduler_Worker-3" [_thread_blocked, id=19668, stack(0x000000002ada0000,0x000000002aea0000)]
  0x0000000020b3a000 JavaThread "quartzScheduler_Worker-2" [_thread_blocked, id=18112, stack(0x000000002ac10000,0x000000002ad10000)]
  0x0000000020b39000 JavaThread "quartzScheduler_Worker-1" [_thread_blocked, id=17840, stack(0x000000002a190000,0x000000002a290000)]
  0x0000000020b38800 JavaThread "Timer-0" daemon [_thread_blocked, id=20116, stack(0x0000000026e80000,0x0000000026f80000)]
  0x0000000020b37800 JavaThread "DefaultQuartzScheduler_QuartzSchedulerThread" [_thread_blocked, id=18348, stack(0x0000000026f80000,0x0000000027080000)]
  0x0000000020b37000 JavaThread "DefaultQuartzScheduler_Worker-10" [_thread_blocked, id=18208, stack(0x0000000029b70000,0x0000000029c70000)]
  0x000000001cc6d000 JavaThread "DefaultQuartzScheduler_Worker-9" [_thread_blocked, id=5456, stack(0x0000000029960000,0x0000000029a60000)]
  0x000000001cc6c800 JavaThread "DefaultQuartzScheduler_Worker-8" [_thread_blocked, id=18396, stack(0x00000000297d0000,0x00000000298d0000)]
  0x000000001cc6b800 JavaThread "DefaultQuartzScheduler_Worker-7" [_thread_blocked, id=10228, stack(0x0000000029600000,0x0000000029700000)]
  0x000000001cc6b000 JavaThread "DefaultQuartzScheduler_Worker-6" [_thread_blocked, id=160, stack(0x00000000294b0000,0x00000000295b0000)]
  0x000000001cc6a000 JavaThread "DefaultQuartzScheduler_Worker-5" [_thread_blocked, id=9292, stack(0x0000000029210000,0x0000000029310000)]
  0x000000001cc69800 JavaThread "DefaultQuartzScheduler_Worker-4" [_thread_blocked, id=18636, stack(0x0000000029330000,0x0000000029430000)]
  0x000000001cc68800 JavaThread "DefaultQuartzScheduler_Worker-3" [_thread_blocked, id=20296, stack(0x00000000269e0000,0x0000000026ae0000)]
  0x000000001cc68000 JavaThread "DefaultQuartzScheduler_Worker-2" [_thread_blocked, id=19576, stack(0x0000000029110000,0x0000000029210000)]
  0x000000001cc67000 JavaThread "DefaultQuartzScheduler_Worker-1" [_thread_blocked, id=11780, stack(0x0000000028b80000,0x0000000028c80000)]
  0x000000001cc66800 JavaThread "Druid-ConnectionPool-Destroy-884858691" daemon [_thread_blocked, id=18876, stack(0x0000000026b10000,0x0000000026c10000)]
  0x000000001b8a0800 JavaThread "Druid-ConnectionPool-Create-884858691" daemon [_thread_blocked, id=19372, stack(0x0000000023f20000,0x0000000024020000)]
  0x00000000234ea800 JavaThread "Abandoned connection cleanup thread" daemon [_thread_blocked, id=18356, stack(0x000000001ffa0000,0x00000000200a0000)]
  0x000000001ed4a000 JavaThread "container-0" [_thread_blocked, id=16156, stack(0x0000000027250000,0x0000000027350000)]
  0x000000001c489000 JavaThread "ContainerBackgroundProcessor[StandardEngine[Tomcat]]" daemon [_thread_blocked, id=20052, stack(0x0000000024040000,0x0000000024140000)]
  0x000000001d741000 JavaThread "logback-2" daemon [_thread_blocked, id=17572, stack(0x000000001cfb0000,0x000000001d0b0000)]
  0x000000001a516000 JavaThread "ReaderThread" [_thread_in_native, id=15208, stack(0x000000001abd0000,0x000000001acd0000)]
  0x000000001a20f000 JavaThread "Service Thread" daemon [_thread_blocked, id=17440, stack(0x000000001aa00000,0x000000001ab00000)]
  0x000000001a1ca800 JavaThread "C1 CompilerThread2" daemon [_thread_in_vm, id=17756, stack(0x000000001a810000,0x000000001a910000)]
=>0x000000001a1bf800 JavaThread "C2 CompilerThread1" daemon [_thread_in_native, id=17544, stack(0x00000000198e0000,0x00000000199e0000)]
  0x000000001a1be800 JavaThread "C2 CompilerThread0" daemon [_thread_in_native, id=15868, stack(0x000000001a680000,0x000000001a780000)]
  0x0000000018ec8000 JavaThread "JDWP Command Reader" daemon [_thread_in_native, id=17588, stack(0x0000000019c70000,0x0000000019d70000)]
  0x0000000018ec2800 JavaThread "JDWP Event Helper Thread" daemon [_thread_blocked, id=20088, stack(0x0000000019660000,0x0000000019760000)]
  0x000000001783f800 JavaThread "JDWP Transport Listener: dt_socket" daemon [_thread_blocked, id=4068, stack(0x0000000019ae0000,0x0000000019be0000)]
  0x000000001783e800 JavaThread "Attach Listener" daemon [_thread_blocked, id=12168, stack(0x0000000019330000,0x0000000019430000)]
  0x0000000018eab000 JavaThread "Signal Dispatcher" daemon [_thread_blocked, id=19448, stack(0x0000000018860000,0x0000000018960000)]
  0x0000000017823000 JavaThread "Finalizer" daemon [_thread_blocked, id=8324, stack(0x0000000018d90000,0x0000000018e90000)]
  0x00000000177db800 JavaThread "Reference Handler" daemon [_thread_blocked, id=13640, stack(0x0000000018bc0000,0x0000000018cc0000)]
  0x00000000025bb800 JavaThread "main" [_thread_in_vm, id=17888, stack(0x00000000028d0000,0x00000000029d0000)]

Other Threads:
  0x00000000177d4000 VMThread [stack: 0x0000000018a10000,0x0000000018b10000] [id=6164]
  0x000000001a246000 WatcherThread [stack: 0x000000001acd0000,0x000000001add0000] [id=18424]

VM state:not at safepoint (normal execution)

VM Mutex/Monitor currently owned by a thread:  ([mutex/lock_event])
[0x00000000025b9080] CompiledIC_lock - owner thread: 0x0000000000000000

Heap:
 PSYoungGen      total 652800K, used 108660K [0x00000000d5980000, 0x00000000ff480000, 0x0000000100000000)
  eden space 629248K, 14% used [0x00000000d5980000,0x00000000db593a00,0x00000000fc000000)
  from space 23552K, 61% used [0x00000000fd700000,0x00000000fe509848,0x00000000fee00000)
  to   space 23552K, 0% used [0x00000000fc000000,0x00000000fc000000,0x00000000fd700000)
 ParOldGen       total 132608K, used 47754K [0x0000000080c00000, 0x0000000088d80000, 0x00000000d5980000)
  object space 132608K, 36% used [0x0000000080c00000,0x0000000083aa29c0,0x0000000088d80000)
 Metaspace       used 64224K, capacity 66144K, committed 66224K, reserved 1107968K
  class space    used 7714K, capacity 8048K, committed 8112K, reserved 1048576K

Card table byte_map: [0x0000000011f70000,0x0000000012370000] byte_map_base: 0x0000000011b6a000

Marking Bits: (ParMarkBitMap*) 0x0000000070d7d850
 Begin Bits: [0x0000000012aa0000, 0x0000000014a70000)
 End Bits:   [0x0000000014a70000, 0x0000000016a40000)

Polling page: 0x0000000000220000

CodeCache: size=245760Kb used=28845Kb max_used=29904Kb free=216914Kb
 bounds [0x0000000002bb0000, 0x0000000004900000, 0x0000000011bb0000]
 total_blobs=7669 nmethods=7121 adapters=466
 compilation: enabled

Compilation events (10 events):
Event: 26.436 Thread 0x000000001a1ca800 8657       2       java.lang.reflect.Modifier::isSynthetic (14 bytes)
Event: 26.436 Thread 0x000000001a1ca800 nmethod 8657 0x0000000003a6f9d0 code [0x0000000003a6fb20, 0x0000000003a6fc70]
Event: 26.453 Thread 0x000000001a1ca800 8658       2       java.io.BufferedWriter::ensureOpen (18 bytes)
Event: 26.476 Thread 0x000000001a1ca800 nmethod 8658 0x000000000310f7d0 code [0x000000000310f940, 0x000000000310fb48]
Event: 26.477 Thread 0x000000001a1ca800 8659       2       java.util.concurrent.ConcurrentHashMap::size (31 bytes)
Event: 26.477 Thread 0x000000001a1ca800 nmethod 8659 0x0000000003a41250 code [0x0000000003a413c0, 0x0000000003a41588]
Event: 26.492 Thread 0x000000001a1ca800 8661       2       sun.reflect.generics.parser.SignatureParser::parseIdentifier (115 bytes)
Event: 26.492 Thread 0x000000001a1ca800 nmethod 8661 0x00000000039bf590 code [0x00000000039bf780, 0x00000000039bfe68]
Event: 26.509 Thread 0x000000001a1ca800 8662       2       java.lang.reflect.Method::getParameterAnnotations (13 bytes)
Event: 26.509 Thread 0x000000001a1ca800 nmethod 8662 0x0000000002dde390 code [0x0000000002dde500, 0x0000000002dde688]

GC Heap History (10 events):
Event: 13.231 GC heap before
{Heap before GC invocations=11 (full 2):
 PSYoungGen      total 386560K, used 376826K [0x00000000d5980000, 0x00000000f1e00000, 0x0000000100000000)
  eden space 366592K, 100% used [0x00000000d5980000,0x00000000ebf80000,0x00000000ebf80000)
  from space 19968K, 51% used [0x00000000ed200000,0x00000000edbfe830,0x00000000ee580000)
  to   space 18944K, 0% used [0x00000000ebf80000,0x00000000ebf80000,0x00000000ed200000)
 ParOldGen       total 93184K, used 27905K [0x0000000080c00000, 0x0000000086700000, 0x00000000d5980000)
  object space 93184K, 29% used [0x0000000080c00000,0x0000000082740720,0x0000000086700000)
 Metaspace       used 46354K, capacity 47808K, committed 48048K, reserved 1091584K
  class space    used 5763K, capacity 6020K, committed 6064K, reserved 1048576K
Event: 13.275 GC heap after
Heap after GC invocations=11 (full 2):
 PSYoungGen      total 385536K, used 18248K [0x00000000d5980000, 0x00000000f6880000, 0x0000000100000000)
  eden space 366592K, 0% used [0x00000000d5980000,0x00000000d5980000,0x00000000ebf80000)
  from space 18944K, 96% used [0x00000000ebf80000,0x00000000ed152360,0x00000000ed200000)
  to   space 21504K, 0% used [0x00000000f5380000,0x00000000f5380000,0x00000000f6880000)
 ParOldGen       total 93184K, used 27913K [0x0000000080c00000, 0x0000000086700000, 0x00000000d5980000)
  object space 93184K, 29% used [0x0000000080c00000,0x0000000082742720,0x0000000086700000)
 Metaspace       used 46354K, capacity 47808K, committed 48048K, reserved 1091584K
  class space    used 5763K, capacity 6020K, committed 6064K, reserved 1048576K
}
Event: 18.891 GC heap before
{Heap before GC invocations=12 (full 2):
 PSYoungGen      total 385536K, used 384840K [0x00000000d5980000, 0x00000000f6880000, 0x0000000100000000)
  eden space 366592K, 100% used [0x00000000d5980000,0x00000000ebf80000,0x00000000ebf80000)
  from space 18944K, 96% used [0x00000000ebf80000,0x00000000ed152360,0x00000000ed200000)
  to   space 21504K, 0% used [0x00000000f5380000,0x00000000f5380000,0x00000000f6880000)
 ParOldGen       total 93184K, used 27913K [0x0000000080c00000, 0x0000000086700000, 0x00000000d5980000)
  object space 93184K, 29% used [0x0000000080c00000,0x0000000082742720,0x0000000086700000)
 Metaspace       used 54973K, capacity 56504K, committed 56752K, reserved 1099776K
  class space    used 6541K, capacity 6830K, committed 6832K, reserved 1048576K
Event: 18.990 GC heap after
Heap after GC invocations=12 (full 2):
 PSYoungGen      total 506368K, used 19860K [0x00000000d5980000, 0x00000000f6700000, 0x0000000100000000)
  eden space 486400K, 0% used [0x00000000d5980000,0x00000000d5980000,0x00000000f3480000)
  from space 19968K, 99% used [0x00000000f5380000,0x00000000f66e5290,0x00000000f6700000)
  to   space 24064K, 0% used [0x00000000f3800000,0x00000000f3800000,0x00000000f4f80000)
 ParOldGen       total 93184K, used 33593K [0x0000000080c00000, 0x0000000086700000, 0x00000000d5980000)
  object space 93184K, 36% used [0x0000000080c00000,0x0000000082cce780,0x0000000086700000)
 Metaspace       used 54973K, capacity 56504K, committed 56752K, reserved 1099776K
  class space    used 6541K, capacity 6830K, committed 6832K, reserved 1048576K
}
Event: 21.495 GC heap before
{Heap before GC invocations=13 (full 2):
 PSYoungGen      total 506368K, used 337824K [0x00000000d5980000, 0x00000000f6700000, 0x0000000100000000)
  eden space 486400K, 65% used [0x00000000d5980000,0x00000000e9003108,0x00000000f3480000)
  from space 19968K, 99% used [0x00000000f5380000,0x00000000f66e5290,0x00000000f6700000)
  to   space 24064K, 0% used [0x00000000f3800000,0x00000000f3800000,0x00000000f4f80000)
 ParOldGen       total 93184K, used 33593K [0x0000000080c00000, 0x0000000086700000, 0x00000000d5980000)
  object space 93184K, 36% used [0x0000000080c00000,0x0000000082cce780,0x0000000086700000)
 Metaspace       used 57512K, capacity 59100K, committed 59160K, reserved 1101824K
  class space    used 6759K, capacity 7086K, committed 7088K, reserved 1048576K
Event: 21.519 GC heap after
Heap after GC invocations=13 (full 2):
 PSYoungGen      total 514048K, used 7097K [0x00000000d5980000, 0x00000000fee00000, 0x0000000100000000)
  eden space 489984K, 0% used [0x00000000d5980000,0x00000000d5980000,0x00000000f3800000)
  from space 24064K, 29% used [0x00000000f3800000,0x00000000f3eee770,0x00000000f4f80000)
  to   space 23552K, 0% used [0x00000000fd700000,0x00000000fd700000,0x00000000fee00000)
 ParOldGen       total 93184K, used 48811K [0x0000000080c00000, 0x0000000086700000, 0x00000000d5980000)
  object space 93184K, 52% used [0x0000000080c00000,0x0000000083baad80,0x0000000086700000)
 Metaspace       used 57512K, capacity 59100K, committed 59160K, reserved 1101824K
  class space    used 6759K, capacity 7086K, committed 7088K, reserved 1048576K
}
Event: 21.519 GC heap before
{Heap before GC invocations=14 (full 3):
 PSYoungGen      total 514048K, used 7097K [0x00000000d5980000, 0x00000000fee00000, 0x0000000100000000)
  eden space 489984K, 0% used [0x00000000d5980000,0x00000000d5980000,0x00000000f3800000)
  from space 24064K, 29% used [0x00000000f3800000,0x00000000f3eee770,0x00000000f4f80000)
  to   space 23552K, 0% used [0x00000000fd700000,0x00000000fd700000,0x00000000fee00000)
 ParOldGen       total 93184K, used 48811K [0x0000000080c00000, 0x0000000086700000, 0x00000000d5980000)
  object space 93184K, 52% used [0x0000000080c00000,0x0000000083baad80,0x0000000086700000)
 Metaspace       used 57512K, capacity 59100K, committed 59160K, reserved 1101824K
  class space    used 6759K, capacity 7086K, committed 7088K, reserved 1048576K
Event: 21.711 GC heap after
Heap after GC invocations=14 (full 3):
 PSYoungGen      total 514048K, used 0K [0x00000000d5980000, 0x00000000fee00000, 0x0000000100000000)
  eden space 489984K, 0% used [0x00000000d5980000,0x00000000d5980000,0x00000000f3800000)
  from space 24064K, 0% used [0x00000000f3800000,0x00000000f3800000,0x00000000f4f80000)
  to   space 23552K, 0% used [0x00000000fd700000,0x00000000fd700000,0x00000000fee00000)
 ParOldGen       total 132608K, used 47746K [0x0000000080c00000, 0x0000000088d80000, 0x00000000d5980000)
  object space 132608K, 36% used [0x0000000080c00000,0x0000000083aa09c0,0x0000000088d80000)
 Metaspace       used 57512K, capacity 59100K, committed 59160K, reserved 1101824K
  class space    used 6759K, capacity 7086K, committed 7088K, reserved 1048576K
}
Event: 25.573 GC heap before
{Heap before GC invocations=15 (full 3):
 PSYoungGen      total 514048K, used 489984K [0x00000000d5980000, 0x00000000fee00000, 0x0000000100000000)
  eden space 489984K, 100% used [0x00000000d5980000,0x00000000f3800000,0x00000000f3800000)
  from space 24064K, 0% used [0x00000000f3800000,0x00000000f3800000,0x00000000f4f80000)
  to   space 23552K, 0% used [0x00000000fd700000,0x00000000fd700000,0x00000000fee00000)
 ParOldGen       total 132608K, used 47746K [0x0000000080c00000, 0x0000000088d80000, 0x00000000d5980000)
  object space 132608K, 36% used [0x0000000080c00000,0x0000000083aa09c0,0x0000000088d80000)
 Metaspace       used 62142K, capacity 64020K, committed 64176K, reserved 1105920K
  class space    used 7421K, capacity 7750K, committed 7856K, reserved 1048576K
Event: 25.608 GC heap after
Heap after GC invocations=15 (full 3):
 PSYoungGen      total 652800K, used 14374K [0x00000000d5980000, 0x00000000ff480000, 0x0000000100000000)
  eden space 629248K, 0% used [0x00000000d5980000,0x00000000d5980000,0x00000000fc000000)
  from space 23552K, 61% used [0x00000000fd700000,0x00000000fe509848,0x00000000fee00000)
  to   space 23552K, 0% used [0x00000000fc000000,0x00000000fc000000,0x00000000fd700000)
 ParOldGen       total 132608K, used 47754K [0x0000000080c00000, 0x0000000088d80000, 0x00000000d5980000)
  object space 132608K, 36% used [0x0000000080c00000,0x0000000083aa29c0,0x0000000088d80000)
 Metaspace       used 62142K, capacity 64020K, committed 64176K, reserved 1105920K
  class space    used 7421K, capacity 7750K, committed 7856K, reserved 1048576K
}

Deoptimization events (10 events):
Event: 26.508 Thread 0x00000000025bb800 Uncommon trap: reason=range_check action=none pc=0x00000000030cbbdc method=sun.reflect.generics.parser.SignatureParser.current()C @ 34
Event: 26.508 Thread 0x00000000025bb800 Uncommon trap: reason=range_check action=none pc=0x00000000030cbbdc method=sun.reflect.generics.parser.SignatureParser.current()C @ 34
Event: 26.508 Thread 0x00000000025bb800 Uncommon trap: reason=range_check action=none pc=0x00000000030cbbdc method=sun.reflect.generics.parser.SignatureParser.current()C @ 34
Event: 26.509 Thread 0x00000000025bb800 Uncommon trap: reason=range_check action=none pc=0x00000000030cbbdc method=sun.reflect.generics.parser.SignatureParser.current()C @ 34
Event: 26.509 Thread 0x00000000025bb800 Uncommon trap: reason=unstable_if action=reinterpret pc=0x000000000363c034 method=java.util.HashMap.putVal(ILjava/lang/Object;Ljava/lang/Object;ZZ)Ljava/lang/Object; @ 162
Event: 26.509 Thread 0x00000000025bb800 Uncommon trap: reason=unhandled action=none pc=0x00000000034b92bc method=java.net.URLClassLoader.findClass(Ljava/lang/String;)Ljava/lang/Class; @ 44
Event: 26.510 Thread 0x00000000025bb800 Uncommon trap: reason=unhandled action=none pc=0x00000000034b92bc method=java.net.URLClassLoader.findClass(Ljava/lang/String;)Ljava/lang/Class; @ 44
Event: 26.511 Thread 0x00000000025bb800 Uncommon trap: reason=unhandled action=none pc=0x00000000034b92bc method=java.net.URLClassLoader.findClass(Ljava/lang/String;)Ljava/lang/Class; @ 44
Event: 26.533 Thread 0x00000000025bb800 Uncommon trap: reason=unhandled action=none pc=0x00000000034b92bc method=java.net.URLClassLoader.findClass(Ljava/lang/String;)Ljava/lang/Class; @ 44
Event: 26.534 Thread 0x00000000025bb800 Uncommon trap: reason=unhandled action=none pc=0x00000000034b92bc method=java.net.URLClassLoader.findClass(Ljava/lang/String;)Ljava/lang/Class; @ 44

Internal exceptions (10 events):
Event: 26.508 Thread 0x00000000025bb800 Exception <a 'java/lang/ArrayIndexOutOfBoundsException': 77> (0x00000000db2ff7b0) thrown at [C:\re\workspace\8-2-build-windows-amd64-cygwin\jdk8u151\9699\hotspot\src\share\vm\interpreter\interpreterRuntime.cpp, line 366]
Event: 26.508 Thread 0x00000000025bb800 Exception <a 'java/lang/ArrayIndexOutOfBoundsException': 81> (0x00000000db300e30) thrown at [C:\re\workspace\8-2-build-windows-amd64-cygwin\jdk8u151\9699\hotspot\src\share\vm\interpreter\interpreterRuntime.cpp, line 366]
Event: 26.508 Thread 0x00000000025bb800 Exception <a 'java/lang/ArrayIndexOutOfBoundsException': 74> (0x00000000db3027d8) thrown at [C:\re\workspace\8-2-build-windows-amd64-cygwin\jdk8u151\9699\hotspot\src\share\vm\interpreter\interpreterRuntime.cpp, line 366]
Event: 26.508 Thread 0x00000000025bb800 Exception <a 'java/lang/ArrayIndexOutOfBoundsException': 29> (0x00000000db303f80) thrown at [C:\re\workspace\8-2-build-windows-amd64-cygwin\jdk8u151\9699\hotspot\src\share\vm\interpreter\interpreterRuntime.cpp, line 366]
Event: 26.508 Thread 0x00000000025bb800 Exception <a 'java/lang/ArrayIndexOutOfBoundsException': 14> (0x00000000db304d88) thrown at [C:\re\workspace\8-2-build-windows-amd64-cygwin\jdk8u151\9699\hotspot\src\share\vm\interpreter\interpreterRuntime.cpp, line 366]
Event: 26.508 Thread 0x00000000025bb800 Exception <a 'java/lang/ArrayIndexOutOfBoundsException': 73> (0x00000000db306390) thrown at [C:\re\workspace\8-2-build-windows-amd64-cygwin\jdk8u151\9699\hotspot\src\share\vm\interpreter\interpreterRuntime.cpp, line 366]
Event: 26.508 Thread 0x00000000025bb800 Exception <a 'java/lang/ArrayIndexOutOfBoundsException': 98> (0x00000000db308120) thrown at [C:\re\workspace\8-2-build-windows-amd64-cygwin\jdk8u151\9699\hotspot\src\share\vm\interpreter\interpreterRuntime.cpp, line 366]
Event: 26.508 Thread 0x00000000025bb800 Exception <a 'java/lang/ArrayIndexOutOfBoundsException': 102> (0x00000000db30a078) thrown at [C:\re\workspace\8-2-build-windows-amd64-cygwin\jdk8u151\9699\hotspot\src\share\vm\interpreter\interpreterRuntime.cpp, line 366]
Event: 26.508 Thread 0x00000000025bb800 Exception <a 'java/lang/ArrayIndexOutOfBoundsException': 35> (0x00000000db30b570) thrown at [C:\re\workspace\8-2-build-windows-amd64-cygwin\jdk8u151\9699\hotspot\src\share\vm\interpreter\interpreterRuntime.cpp, line 366]
Event: 26.509 Thread 0x00000000025bb800 Exception <a 'java/lang/ArrayIndexOutOfBoundsException': 37> (0x00000000db30c5d0) thrown at [C:\re\workspace\8-2-build-windows-amd64-cygwin\jdk8u151\9699\hotspot\src\share\vm\interpreter\interpreterRuntime.cpp, line 366]

Events (10 events):
Event: 26.532 loading class springfox/documentation/schema/property/SimpleMethodSignatureEquality
Event: 26.532 loading class springfox/documentation/schema/property/SimpleMethodSignatureEquality done
Event: 26.533 Thread 0x00000000025bb800 Uncommon trap: trap_request=0xffffffa7 fr.pc=0x00000000034b92bc
Event: 26.533 Thread 0x00000000025bb800 DEOPT PACKING pc=0x00000000034b92bc sp=0x00000000029cbe00
Event: 26.533 Thread 0x00000000025bb800 DEOPT UNPACKING pc=0x0000000002bf582a sp=0x00000000029cbcf8 mode 2
Event: 26.534 loading class springfox/documentation/schema/property/OptimizedModelPropertiesProvider$2
Event: 26.534 loading class springfox/documentation/schema/property/OptimizedModelPropertiesProvider$2 done
Event: 26.534 Thread 0x00000000025bb800 Uncommon trap: trap_request=0xffffffa7 fr.pc=0x00000000034b92bc
Event: 26.534 Thread 0x00000000025bb800 DEOPT PACKING pc=0x00000000034b92bc sp=0x00000000029cbf80
Event: 26.534 Thread 0x00000000025bb800 DEOPT UNPACKING pc=0x0000000002bf582a sp=0x00000000029cbe78 mode 2


Dynamic libraries:
0x000000013f060000 - 0x000000013f097000 	C:\Program Files\Java\jre1.8.0_151\bin\javaw.exe
0x0000000076f10000 - 0x00000000770b9000 	C:\Windows\SYSTEM32\ntdll.dll
0x0000000076cf0000 - 0x0000000076e10000 	C:\Windows\system32\kernel32.dll
0x000007fefcfe0000 - 0x000007fefd04c000 	C:\Windows\system32\KERNELBASE.dll
0x000007fefd620000 - 0x000007fefd6fb000 	C:\Windows\system32\ADVAPI32.dll
0x000007fefdec0000 - 0x000007fefdf5f000 	C:\Windows\system32\msvcrt.dll
0x000007feff0b0000 - 0x000007feff0cf000 	C:\Windows\SYSTEM32\sechost.dll
0x000007fefd450000 - 0x000007fefd57d000 	C:\Windows\system32\RPCRT4.dll
0x0000000076e10000 - 0x0000000076f0a000 	C:\Windows\system32\USER32.dll
0x000007fefdf60000 - 0x000007fefdfc7000 	C:\Windows\system32\GDI32.dll
0x000007feff210000 - 0x000007feff21e000 	C:\Windows\system32\LPK.dll
0x000007fefe020000 - 0x000007fefe0e9000 	C:\Windows\system32\USP10.dll
0x000007fefac80000 - 0x000007fefae74000 	C:\Windows\WinSxS\amd64_microsoft.windows.common-controls_6595b64144ccf1df_6.0.7601.18837_none_fa3b1e3d17594757\COMCTL32.dll
0x000007fefdd60000 - 0x000007fefddd1000 	C:\Windows\system32\SHLWAPI.dll
0x000007fefd810000 - 0x000007fefd83e000 	C:\Windows\system32\IMM32.DLL
0x000007fefd700000 - 0x000007fefd809000 	C:\Windows\system32\MSCTF.dll
0x0000000053070000 - 0x0000000053142000 	C:\Program Files\Java\jre1.8.0_151\bin\msvcr100.dll
0x0000000070560000 - 0x0000000070dfd000 	C:\Program Files\Java\jre1.8.0_151\bin\server\jvm.dll
0x000007fef5040000 - 0x000007fef5049000 	C:\Windows\system32\WSOCK32.dll
0x000007fefdfd0000 - 0x000007fefe01d000 	C:\Windows\system32\WS2_32.dll
0x000007feff200000 - 0x000007feff208000 	C:\Windows\system32\NSI.dll
0x000007fef8e90000 - 0x000007fef8ecb000 	C:\Windows\system32\WINMM.dll
0x000007fefc0c0000 - 0x000007fefc0cc000 	C:\Windows\system32\VERSION.dll
0x00000000770e0000 - 0x00000000770e7000 	C:\Windows\system32\PSAPI.DLL
0x000000005fe10000 - 0x000000005fe1f000 	C:\Program Files\Java\jre1.8.0_151\bin\verify.dll
0x0000000056c40000 - 0x0000000056c69000 	C:\Program Files\Java\jre1.8.0_151\bin\java.dll
0x0000000053cc0000 - 0x0000000053cf5000 	C:\Program Files\Java\jre1.8.0_151\bin\jdwp.dll
0x000000005fe00000 - 0x000000005fe08000 	C:\Program Files\Java\jre1.8.0_151\bin\npt.dll
0x0000000055b70000 - 0x0000000055b93000 	C:\Program Files\Java\jre1.8.0_151\bin\instrument.dll
0x0000000056c20000 - 0x0000000056c36000 	C:\Program Files\Java\jre1.8.0_151\bin\zip.dll
0x000007fefe320000 - 0x000007feff0a9000 	C:\Windows\system32\SHELL32.dll
0x000007fefe110000 - 0x000007fefe313000 	C:\Windows\system32\ole32.dll
0x000007fefce10000 - 0x000007fefce1f000 	C:\Windows\system32\profapi.dll
0x000000005fce0000 - 0x000000005fce9000 	C:\Program Files\Java\jre1.8.0_151\bin\dt_socket.dll
0x000007fefb4f0000 - 0x000007fefb505000 	C:\Windows\system32\NLAapi.dll
0x000007fef7150000 - 0x000007fef7165000 	C:\Windows\system32\napinsp.dll
0x000007fef7130000 - 0x000007fef7149000 	C:\Windows\system32\pnrpnsp.dll
0x000007fefc660000 - 0x000007fefc6b5000 	C:\Windows\System32\mswsock.dll
0x000007fefc4e0000 - 0x000007fefc53b000 	C:\Windows\system32\DNSAPI.dll
0x000007fef7120000 - 0x000007fef712b000 	C:\Windows\System32\winrnr.dll
0x000007fefa4a0000 - 0x000007fefa4c7000 	C:\Windows\system32\IPHLPAPI.DLL
0x000007fefa490000 - 0x000007fefa49b000 	C:\Windows\system32\WINNSI.DLL
0x000007fef9920000 - 0x000007fef9973000 	C:\Windows\System32\fwpuclnt.dll
0x000007fef4fd0000 - 0x000007fef4fd8000 	C:\Windows\system32\rasadhlp.dll
0x000007fefbb10000 - 0x000007fefbb17000 	C:\Windows\System32\wshtcpip.dll
0x0000000053ca0000 - 0x0000000053cba000 	C:\Program Files\Java\jre1.8.0_151\bin\net.dll
0x000007fefc650000 - 0x000007fefc657000 	C:\Windows\System32\wship6.dll
0x000000005a140000 - 0x000000005a14d000 	C:\Program Files\Java\jre1.8.0_151\bin\management.dll
0x00000000538e0000 - 0x00000000538f1000 	C:\Program Files\Java\jre1.8.0_151\bin\nio.dll
0x00000000538b0000 - 0x00000000538d4000 	C:\Program Files\Java\jre1.8.0_151\bin\sunec.dll
0x000007fef9400000 - 0x000007fef9411000 	C:\Windows\system32\dhcpcsvc6.DLL
0x000007fef9420000 - 0x000007fef9438000 	C:\Windows\system32\dhcpcsvc.DLL
0x000007fefc6c0000 - 0x000007fefc6d8000 	C:\Windows\system32\CRYPTSP.dll
0x000007fefc3c0000 - 0x000007fefc407000 	C:\Windows\system32\rsaenh.dll
0x000007fefc140000 - 0x000007fefc15e000 	C:\Windows\system32\USERENV.dll
0x000007fefcd40000 - 0x000007fefcd4f000 	C:\Windows\system32\CRYPTBASE.dll

VM Arguments:
jvm_args: -agentlib:jdwp=transport=dt_socket,suspend=y,address=localhost:59620 -ea -javaagent:D:\2020elipse\eclipse\configuration\org.eclipse.osgi\411\0\.cp\lib\javaagent-shaded.jar -Dfile.encoding=UTF-8 
java_command: org.eclipse.jdt.internal.junit.runner.RemoteTestRunner -version 3 -port 59618 -testLoaderClass org.eclipse.jdt.internal.junit4.runner.JUnit4TestLoader -loaderpluginname org.eclipse.jdt.junit4.runtime -classNames test.SpringbootTest
java_class_path (initial): C:\Users\Administrator\git\Springboot_v2\target\test-classes;C:\Users\Administrator\git\Springboot_v2\target\classes;C:\Users\Administrator\.m2\repository\org\apache\poi\poi\3.10-FINAL\poi-3.10-FINAL.jar;C:\Users\Administrator\.m2\repository\org\apache\poi\poi-ooxml\3.10-FINAL\poi-ooxml-3.10-FINAL.jar;C:\Users\Administrator\.m2\repository\dom4j\dom4j\1.6.1\dom4j-1.6.1.jar;C:\Users\Administrator\.m2\repository\xml-apis\xml-apis\1.4.01\xml-apis-1.4.01.jar;C:\Users\Administrator\.m2\repository\org\apache\poi\poi-ooxml-schemas\3.10-FINAL\poi-ooxml-schemas-3.10-FINAL.jar;C:\Users\Administrator\.m2\repository\org\apache\xmlbeans\xmlbeans\2.3.0\xmlbeans-2.3.0.jar;C:\Users\Administrator\.m2\repository\stax\stax-api\1.0.1\stax-api-1.0.1.jar;C:\Users\Administrator\.m2\repository\org\apache\commons\commons-collections4\4.1\commons-collections4-4.1.jar;C:\Users\Administrator\.m2\repository\org\springframework\boot\spring-boot-starter-freemarker\2.0.0.RELEASE\spring-boot-starter-freemarker-2.0.0.RELEASE.jar;C:\Users\Administrator\.m2\repository\org\springframework\boot\spring-boot-starter\2.0.0.RELEASE\spring-boot-starter-2.0.0.RELEASE.jar;C:\Users\Administrator\.m2\repository\org\springframework\boot\spring-boot-starter-logging\2.0.0.RELEASE\spring-boot-starter-logging-2.0.0.RELEASE.jar;C:\Users\Administrator\.m2\repository\ch\qos\logback\logback-classic\1.2.3\logback-classic-1.2.3.jar;C:\Users\Administrator\.m2\repository\ch\qos\logback\logback-core\1.2.3\logback-core-1.2.3.jar;C:\Users\Administrator\.m2\repository\org\apache\logging\log4j\log4j-to-slf4j\2.10.0\log4j-to-slf4j-2.10.0.jar;C:\Users\Administrator\.m2\repository\org\apache\logging\log4j\log4j-api\2.10.0\log4j-api-2.10.0.jar;C:\Users\Administrator\.m2\repository\org\slf4j\jul-to-slf4j\1.7.25\jul-to-slf4j-1.7.25.jar;C:\Users\Administrator\.m2\repository\javax\annotation\javax.annotation-api\1.3.2\javax.annotation-api-1.3.2.jar;C:\Users\Administrator\.m2\repository\org\yaml\snakeyaml\1.19\
Launcher Type: SUN_STANDARD

Environment Variables:
JAVA_HOME=C:\Program Files\Java\jdk1.8.0_151
CLASSPATH=.;C:\Program Files\Java\jdk1.8.0_151\lib;C:\Program Files\Java\jdk1.8.0_151\lib\tools.jar
PATH=C:/Program Files/Java/java8/bin/server;C:/Program Files/Java/java8/bin;C:/Program Files/Java/java8/lib/amd64;C:\Program Files (x86)\Common Files\Oracle\Java\javapath;C:\ProgramData\Oracle\Java\javapath;D:\oracle\dbhomeXE\bin;C:\Windows\system32;C:\Windows;C:\Windows\System32\Wbem;C:\Windows\System32\WindowsPowerShell\v1.0\;D:\Mysql\mysql-5.7.25-winx64\bin;C:\Program Files\Java\jdk1.8.0_151\bin;C:\Program Files\Java\jdk1.8.0_151\jre\bin;D:\git\Git\cmd;C:\Program Files\TortoiseSVN\bin;C:\Program Files (x86)\NVIDIA Corporation\PhysX\Common;C:\Program Files\NVIDIA Corporation\NVIDIA NvDLISR\%MAVEN_HOME%\bin;D:\Note.js\;C:\Program Files\Git\cmd;D:\1111\chromedriver.exe;D:\python\Scripts\;D:\python\;D:\Mysql\mysql-5.7.25-winx64\bin;D:\maven\apache-maven-3.6.3\bin\;C:\Users\Administrator\AppData\Roaming\npm;D:\pychram\PyCharm Community Edition 2020.1.1\bin;;D:\2020elipse\eclipse;
USERNAME=Administrator
OS=Windows_NT
PROCESSOR_IDENTIFIER=Intel64 Family 6 Model 158 Stepping 9, GenuineIntel



---------------  S Y S T E M  ---------------

OS: Windows 7 , 64 bit Build 7601 (6.1.7601.19045)

CPU:total 4 (initial active 4) (4 cores per cpu, 1 threads per core) family 6 model 158 stepping 9, cmov, cx8, fxsr, mmx, sse, sse2, sse3, ssse3, sse4.1, sse4.2, popcnt, avx, avx2, aes, clmul, erms, rtm, 3dnowpref, lzcnt, tsc, tscinvbit, bmi1, bmi2, adx

Memory: 4k page, physical 8338720k(762844k free), swap 12242420k(4488k free)

vm_info: Java HotSpot(TM) 64-Bit Server VM (25.151-b12) for windows-amd64 JRE (1.8.0_151-b12), built on Sep  5 2017 19:33:46 by "java_re" with MS VC++ 10.0 (VS2010)

time: Sat Aug 22 21:57:20 2020
elapsed time: 26 seconds (0d 0h 0m 26s)

